#
# There is insufficient memory for the Java Runtime Environment to continue.
# Native memory allocation (mmap) failed to map 2555904 bytes for committing reserved memory.
# Possible reasons:
#   The system is out of physical RAM or swap space
#   In 32 bit mode, the process size limit was hit
# Possible solutions:
#   Reduce memory load on the system
#   Increase physical memory or swap space
#   Check if swap backing store is full
#   Use 64 bit Java on a 64 bit OS
#   Decrease Java heap size (-Xmx/-Xms)
#   Decrease number of Java threads
#   Decrease Java thread stack sizes (-Xss)
#   Set larger code cache with -XX:ReservedCodeCacheSize=
# This output file may be truncated or incomplete.
#
#  Out of Memory Error (os_linux.cpp:2627), pid=7876, tid=139956466792192
#
# JRE version:  (8.0_66-b17) (build )
# Java VM: Java HotSpot(TM) 64-Bit Server VM (25.66-b17 mixed mode linux-amd64 compressed oops)
# Failed to write core dump. Core dumps have been disabled. To enable core dumping, try "ulimit -c unlimited" before starting Java again
#

---------------  T H R E A D  ---------------

Current thread (0x00007f4a2000a000):  JavaThread "Unknown thread" [_thread_in_vm, id=7881, stack(0x00007f4a276cb000,0x00007f4a277cc000)]

Stack: [0x00007f4a276cb000,0x00007f4a277cc000],  sp=0x00007f4a277ca670,  free space=1021k
Native frames: (J=compiled Java code, j=interpreted, Vv=VM code, C=native code)
V  [libjvm.so+0xab9a1a]  VMError::report_and_die()+0x2ba
V  [libjvm.so+0x4f9e0b]  report_vm_out_of_memory(char const*, int, unsigned long, VMErrorType, char const*)+0x8b
V  [libjvm.so+0x91a8a3]  os::Linux::commit_memory_impl(char*, unsigned long, bool)+0x103
V  [libjvm.so+0x91adf9]  os::pd_commit_memory(char*, unsigned long, unsigned long, bool)+0x29
V  [libjvm.so+0x91510a]  os::commit_memory(char*, unsigned long, unsigned long, bool)+0x2a
V  [libjvm.so+0xab5779]  VirtualSpace::expand_by(unsigned long, bool)+0x199
V  [libjvm.so+0xab62ce]  VirtualSpace::initialize(ReservedSpace, unsigned long)+0xee
V  [libjvm.so+0x616bac]  CodeHeap::reserve(unsigned long, unsigned long, unsigned long)+0x10c
V  [libjvm.so+0x47de70]  CodeCache::initialize()+0x80
V  [libjvm.so+0x6388d5]  init_globals()+0x45
V  [libjvm.so+0xa667be]  Threads::create_vm(JavaVMInitArgs*, bool*)+0x23e
V  [libjvm.so+0x6cce14]  JNI_CreateJavaVM+0x74
C  [libjli.so+0x745e]  JavaMain+0x9e
C  [libpthread.so.0+0x8182]  start_thread+0xc2


---------------  P R O C E S S  ---------------

Java Threads: ( => current thread )

Other Threads:

=>0x00007f4a2000a000 (exited) JavaThread "Unknown thread" [_thread_in_vm, id=7881, stack(0x00007f4a276cb000,0x00007f4a277cc000)]

VM state:not at safepoint (not fully initialized)

VM Mutex/Monitor currently owned by a thread: None

Deoptimization events (0 events):
No events

Internal exceptions (0 events):
No events

Events (0 events):
No events


Dynamic libraries:
00400000-00401000 r-xp 00000000 08:03 2505132                            /usr/lib/jvm/java-8-oracle/bin/java
00600000-00601000 rw-p 00000000 08:03 2505132                            /usr/lib/jvm/java-8-oracle/bin/java
021e5000-02206000 rw-p 00000000 00:00 0                                  [heap]
7f4a11270000-7f4a20000000 ---p 00000000 00:00 0 
7f4a20000000-7f4a2002e000 rw-p 00000000 00:00 0 
7f4a2002e000-7f4a24000000 ---p 00000000 00:00 0 
7f4a245d5000-7f4a2485a000 rw-p 00000000 00:00 0 
7f4a2485a000-7f4a24874000 r-xp 00000000 08:03 2514053                    /usr/lib/jvm/java-8-oracle/jre/lib/amd64/libzip.so
7f4a24874000-7f4a24a74000 ---p 0001a000 08:03 2514053                    /usr/lib/jvm/java-8-oracle/jre/lib/amd64/libzip.so
7f4a24a74000-7f4a24a75000 rw-p 0001a000 08:03 2514053                    /usr/lib/jvm/java-8-oracle/jre/lib/amd64/libzip.so
7f4a24a75000-7f4a24a80000 r-xp 00000000 08:03 526302                     /lib/x86_64-linux-gnu/libnss_files-2.19.so
7f4a24a80000-7f4a24c7f000 ---p 0000b000 08:03 526302                     /lib/x86_64-linux-gnu/libnss_files-2.19.so
7f4a24c7f000-7f4a24c80000 r--p 0000a000 08:03 526302                     /lib/x86_64-linux-gnu/libnss_files-2.19.so
7f4a24c80000-7f4a24c81000 rw-p 0000b000 08:03 526302                     /lib/x86_64-linux-gnu/libnss_files-2.19.so
7f4a24c81000-7f4a24c8c000 r-xp 00000000 08:03 526366                     /lib/x86_64-linux-gnu/libnss_nis-2.19.so
7f4a24c8c000-7f4a24e8b000 ---p 0000b000 08:03 526366                     /lib/x86_64-linux-gnu/libnss_nis-2.19.so
7f4a24e8b000-7f4a24e8c000 r--p 0000a000 08:03 526366                     /lib/x86_64-linux-gnu/libnss_nis-2.19.so
7f4a24e8c000-7f4a24e8d000 rw-p 0000b000 08:03 526366                     /lib/x86_64-linux-gnu/libnss_nis-2.19.so
7f4a24e8d000-7f4a24ea4000 r-xp 00000000 08:03 526324                     /lib/x86_64-linux-gnu/libnsl-2.19.so
7f4a24ea4000-7f4a250a3000 ---p 00017000 08:03 526324                     /lib/x86_64-linux-gnu/libnsl-2.19.so
7f4a250a3000-7f4a250a4000 r--p 00016000 08:03 526324                     /lib/x86_64-linux-gnu/libnsl-2.19.so
7f4a250a4000-7f4a250a5000 rw-p 00017000 08:03 526324                     /lib/x86_64-linux-gnu/libnsl-2.19.so
7f4a250a5000-7f4a250a7000 rw-p 00000000 00:00 0 
7f4a250a7000-7f4a250b0000 r-xp 00000000 08:03 526323                     /lib/x86_64-linux-gnu/libnss_compat-2.19.so
7f4a250b0000-7f4a252af000 ---p 00009000 08:03 526323                     /lib/x86_64-linux-gnu/libnss_compat-2.19.so
7f4a252af000-7f4a252b0000 r--p 00008000 08:03 526323                     /lib/x86_64-linux-gnu/libnss_compat-2.19.so
7f4a252b0000-7f4a252b1000 rw-p 00009000 08:03 526323                     /lib/x86_64-linux-gnu/libnss_compat-2.19.so
7f4a252b1000-7f4a252db000 r-xp 00000000 08:03 2514038                    /usr/lib/jvm/java-8-oracle/jre/lib/amd64/libjava.so
7f4a252db000-7f4a254db000 ---p 0002a000 08:03 2514038                    /usr/lib/jvm/java-8-oracle/jre/lib/amd64/libjava.so
7f4a254db000-7f4a254dd000 rw-p 0002a000 08:03 2514038                    /usr/lib/jvm/java-8-oracle/jre/lib/amd64/libjava.so
7f4a254dd000-7f4a254ea000 r-xp 00000000 08:03 2514089                    /usr/lib/jvm/java-8-oracle/jre/lib/amd64/libverify.so
7f4a254ea000-7f4a256ea000 ---p 0000d000 08:03 2514089                    /usr/lib/jvm/java-8-oracle/jre/lib/amd64/libverify.so
7f4a256ea000-7f4a256ec000 rw-p 0000d000 08:03 2514089                    /usr/lib/jvm/java-8-oracle/jre/lib/amd64/libverify.so
7f4a256ec000-7f4a256f3000 r-xp 00000000 08:03 526363                     /lib/x86_64-linux-gnu/librt-2.19.so
7f4a256f3000-7f4a258f2000 ---p 00007000 08:03 526363                     /lib/x86_64-linux-gnu/librt-2.19.so
7f4a258f2000-7f4a258f3000 r--p 00006000 08:03 526363                     /lib/x86_64-linux-gnu/librt-2.19.so
7f4a258f3000-7f4a258f4000 rw-p 00007000 08:03 526363                     /lib/x86_64-linux-gnu/librt-2.19.so
7f4a258f4000-7f4a259f9000 r-xp 00000000 08:03 526301                     /lib/x86_64-linux-gnu/libm-2.19.so
7f4a259f9000-7f4a25bf8000 ---p 00105000 08:03 526301                     /lib/x86_64-linux-gnu/libm-2.19.so
7f4a25bf8000-7f4a25bf9000 r--p 00104000 08:03 526301                     /lib/x86_64-linux-gnu/libm-2.19.so
7f4a25bf9000-7f4a25bfa000 rw-p 00105000 08:03 526301                     /lib/x86_64-linux-gnu/libm-2.19.so
7f4a25bfa000-7f4a268b8000 r-xp 00000000 08:03 2514058                    /usr/lib/jvm/java-8-oracle/jre/lib/amd64/server/libjvm.so
7f4a268b8000-7f4a26ab7000 ---p 00cbe000 08:03 2514058                    /usr/lib/jvm/java-8-oracle/jre/lib/amd64/server/libjvm.so
7f4a26ab7000-7f4a26b90000 rw-p 00cbd000 08:03 2514058                    /usr/lib/jvm/java-8-oracle/jre/lib/amd64/server/libjvm.so
7f4a26b90000-7f4a26bd4000 rw-p 00000000 00:00 0 
7f4a26bd4000-7f4a26d8f000 r-xp 00000000 08:03 526352                     /lib/x86_64-linux-gnu/libc-2.19.so
7f4a26d8f000-7f4a26f8e000 ---p 001bb000 08:03 526352                     /lib/x86_64-linux-gnu/libc-2.19.so
7f4a26f8e000-7f4a26f92000 r--p 001ba000 08:03 526352                     /lib/x86_64-linux-gnu/libc-2.19.so
7f4a26f92000-7f4a26f94000 rw-p 001be000 08:03 526352                     /lib/x86_64-linux-gnu/libc-2.19.so
7f4a26f94000-7f4a26f99000 rw-p 00000000 00:00 0 
7f4a26f99000-7f4a26f9c000 r-xp 00000000 08:03 526305                     /lib/x86_64-linux-gnu/libdl-2.19.so
7f4a26f9c000-7f4a2719b000 ---p 00003000 08:03 526305                     /lib/x86_64-linux-gnu/libdl-2.19.so
7f4a2719b000-7f4a2719c000 r--p 00002000 08:03 526305                     /lib/x86_64-linux-gnu/libdl-2.19.so
7f4a2719c000-7f4a2719d000 rw-p 00003000 08:03 526305                     /lib/x86_64-linux-gnu/libdl-2.19.so
7f4a2719d000-7f4a271b2000 r-xp 00000000 08:03 2770900                    /usr/lib/jvm/java-8-oracle/lib/amd64/jli/libjli.so
7f4a271b2000-7f4a273b2000 ---p 00015000 08:03 2770900                    /usr/lib/jvm/java-8-oracle/lib/amd64/jli/libjli.so
7f4a273b2000-7f4a273b3000 rw-p 00015000 08:03 2770900                    /usr/lib/jvm/java-8-oracle/lib/amd64/jli/libjli.so
7f4a273b3000-7f4a273cc000 r-xp 00000000 08:03 526353                     /lib/x86_64-linux-gnu/libpthread-2.19.so
7f4a273cc000-7f4a275cb000 ---p 00019000 08:03 526353                     /lib/x86_64-linux-gnu/libpthread-2.19.so
7f4a275cb000-7f4a275cc000 r--p 00018000 08:03 526353                     /lib/x86_64-linux-gnu/libpthread-2.19.so
7f4a275cc000-7f4a275cd000 rw-p 00019000 08:03 526353                     /lib/x86_64-linux-gnu/libpthread-2.19.so
7f4a275cd000-7f4a275d1000 rw-p 00000000 00:00 0 
7f4a275d1000-7f4a275f4000 r-xp 00000000 08:03 526328                     /lib/x86_64-linux-gnu/ld-2.19.so
7f4a276cb000-7f4a276ce000 ---p 00000000 00:00 0 
7f4a276ce000-7f4a277d0000 rw-p 00000000 00:00 0                          [stack:7881]
7f4a277e4000-7f4a277e7000 rw-p 00000000 00:00 0 
7f4a277e7000-7f4a277ef000 rw-s 00000000 08:03 1721384                    /tmp/hsperfdata_abel/7876
7f4a277ef000-7f4a277f0000 rw-p 00000000 00:00 0 
7f4a277f0000-7f4a277f1000 r--p 00000000 00:00 0 
7f4a277f1000-7f4a277f3000 rw-p 00000000 00:00 0 
7f4a277f3000-7f4a277f4000 r--p 00022000 08:03 526328                     /lib/x86_64-linux-gnu/ld-2.19.so
7f4a277f4000-7f4a277f5000 rw-p 00023000 08:03 526328                     /lib/x86_64-linux-gnu/ld-2.19.so
7f4a277f5000-7f4a277f6000 rw-p 00000000 00:00 0 
7fff7f308000-7fff7f329000 rw-p 00000000 00:00 0                          [stack]
7fff7f3ea000-7fff7f3ec000 r-xp 00000000 00:00 0                          [vdso]
ffffffffff600000-ffffffffff601000 r-xp 00000000 00:00 0                  [vsyscall]

VM Arguments:
jvm_args: -Xmx1024M -Dfile.encoding=UTF-8 -Duser.country=MX -Duser.language=es -Duser.variant 
java_command: com.android.dx.command.Main --dex --num-threads=4 --output /home/abel/Escritorio/Radikap/raddapp-GoHomeImplementation/app/build/intermediates/pre-dexed/debug/eventbus-2.4.0-2e033abf6e04b30580b4345c44818b95a942f9f9.jar /home/abel/.gradle/caches/modules-2/files-2.1/de.greenrobot/eventbus/2.4.0/ddd166d01b3158d1c00576d29f7ed15c030df719/eventbus-2.4.0.jar
java_class_path (initial): /home/abel/Android/Sdk/build-tools/23.0.2/lib/dx.jar
Launcher Type: SUN_STANDARD

Environment Variables:
PATH=/usr/local/sbin:/usr/local/bin:/usr/sbin:/usr/bin:/sbin:/bin:/usr/games:/usr/local/games:/home/abel/jdk1.8.0_65/jre/bin:/home/abel/jdk1.8.0_65/bin
USERNAME=abel
LD_LIBRARY_PATH=.:
SHELL=/bin/bash
DISPLAY=:0.0

Signal Handlers:
SIGSEGV: [libjvm.so+0xaba2a0], sa_mask[0]=11111111011111111101111111111110, sa_flags=SA_RESTART|SA_SIGINFO
SIGBUS: [libjvm.so+0xaba2a0], sa_mask[0]=11111111011111111101111111111110, sa_flags=SA_RESTART|SA_SIGINFO
SIGFPE: [libjvm.so+0x917710], sa_mask[0]=11111111011111111101111111111110, sa_flags=SA_RESTART|SA_SIGINFO
SIGPIPE: [libjvm.so+0x917710], sa_mask[0]=11111111011111111101111111111110, sa_flags=SA_RESTART|SA_SIGINFO
SIGXFSZ: [libjvm.so+0x917710], sa_mask[0]=11111111011111111101111111111110, sa_flags=SA_RESTART|SA_SIGINFO
SIGILL: [libjvm.so+0x917710], sa_mask[0]=11111111011111111101111111111110, sa_flags=SA_RESTART|SA_SIGINFO
SIGUSR1: SIG_DFL, sa_mask[0]=00000000000000000000000000000000, sa_flags=none
SIGUSR2: [libjvm.so+0x918d40], sa_mask[0]=00100000000000000000000000000000, sa_flags=SA_RESTART|SA_SIGINFO
SIGHUP: SIG_DFL, sa_mask[0]=00000000000000000000000000000000, sa_flags=none
SIGINT: SIG_DFL, sa_mask[0]=00000000000000000000000000000000, sa_flags=none
SIGTERM: SIG_DFL, sa_mask[0]=00000000000000000000000000000000, sa_flags=none
SIGQUIT: SIG_DFL, sa_mask[0]=00000000000000000000000000000000, sa_flags=none


---------------  S Y S T E M  ---------------

OS:DISTRIB_ID=LinuxMint
DISTRIB_RELEASE=17.1
DISTRIB_CODENAME=rebecca
DISTRIB_DESCRIPTION="Linux Mint 17.1 Rebecca"

uname:Linux 3.13.0-37-generic #64-Ubuntu SMP Mon Sep 22 21:28:38 UTC 2014 x86_64
libc:glibc 2.19 NPTL 2.19 
rlimit: STACK 8192k, CORE 0k, NPROC 30418, NOFILE 4096, AS infinity
load average:6.68 1.72 0.82

/proc/meminfo:
MemTotal:        3924736 kB
MemFree:          239200 kB
Buffers:             528 kB
Cached:           354672 kB
SwapCached:            0 kB
Active:          3162912 kB
Inactive:         349256 kB
Active(anon):    3160856 kB
Inactive(anon):   313100 kB
Active(file):       2056 kB
Inactive(file):    36156 kB
Unevictable:           0 kB
Mlocked:               0 kB
SwapTotal:             0 kB
SwapFree:              0 kB
Dirty:                 0 kB
Writeback:             0 kB
AnonPages:       3156720 kB
Mapped:           143276 kB
Shmem:            317212 kB
Slab:              66064 kB
SReclaimable:      30840 kB
SUnreclaim:        35224 kB
KernelStack:        5640 kB
PageTables:        37300 kB
NFS_Unstable:          0 kB
Bounce:                0 kB
WritebackTmp:          0 kB
CommitLimit:     1962368 kB
Committed_AS:    6881896 kB
VmallocTotal:   34359738367 kB
VmallocUsed:      346700 kB
VmallocChunk:   34359383516 kB
HardwareCorrupted:     0 kB
AnonHugePages:    894976 kB
HugePages_Total:       0
HugePages_Free:        0
HugePages_Rsvd:        0
HugePages_Surp:        0
Hugepagesize:       2048 kB
DirectMap4k:       81360 kB
DirectMap2M:     3991552 kB


CPU:total 4 

/proc/cpuinfo:
processor	: 0
vendor_id	: GenuineIntel
cpu family	: 6
model		: 42
model name	: Intel(R) Core(TM) i5-2520M CPU @ 2.50GHz
stepping	: 7
microcode	: 0x23
cpu MHz		: 2501.000
cache size	: 3072 KB
physical id	: 0
siblings	: 4
core id		: 0
cpu cores	: 2
apicid		: 0
initial apicid	: 0
fpu		: yes
fpu_exception	: yes
cpuid level	: 13
wp		: yes
flags		: fpu vme de pse tsc msr pae mce cx8 apic sep mtrr pge mca cmov pat pse36 clflush dts acpi mmx fxsr sse sse2 ss ht tm pbe syscall nx rdtscp lm constant_tsc arch_perfmon pebs bts rep_good nopl xtopology nonstop_tsc aperfmperf eagerfpu pni pclmulqdq dtes64 monitor ds_cpl vmx smx est tm2 ssse3 cx16 xtpr pdcm pcid sse4_1 sse4_2 x2apic popcnt tsc_deadline_timer aes xsave avx lahf_lm ida arat epb xsaveopt pln pts dtherm tpr_shadow vnmi flexpriority ept vpid
bogomips	: 4988.64
clflush size	: 64
cache_alignment	: 64
address sizes	: 36 bits physical, 48 bits virtual
power management:

processor	: 1
vendor_id	: GenuineIntel
cpu family	: 6
model		: 42
model name	: Intel(R) Core(TM) i5-2520M CPU @ 2.50GHz
stepping	: 7
microcode	: 0x23
cpu MHz		: 2501.000
cache size	: 3072 KB
physical id	: 0
siblings	: 4
core id		: 1
cpu cores	: 2
apicid		: 2
initial apicid	: 2
fpu		: yes
fpu_exception	: yes
cpuid level	: 13
wp		: yes
flags		: fpu vme de pse tsc msr pae mce cx8 apic sep mtrr pge mca cmov pat pse36 clflush dts acpi mmx fxsr sse sse2 ss ht tm pbe syscall nx rdtscp lm constant_tsc arch_perfmon pebs bts rep_good nopl xtopology nonstop_tsc aperfmperf eagerfpu pni pclmulqdq dtes64 monitor ds_cpl vmx smx est tm2 ssse3 cx16 xtpr pdcm pcid sse4_1 sse4_2 x2apic popcnt tsc_deadline_timer aes xsave avx lahf_lm ida arat epb xsaveopt pln pts dtherm tpr_shadow vnmi flexpriority ept vpid
bogomips	: 4988.64
clflush size	: 64
cache_alignment	: 64
address sizes	: 36 bits physical, 48 bits virtual
power management:

processor	: 2
vendor_id	: GenuineIntel
cpu family	: 6
model		: 42
model name	: Intel(R) Core(TM) i5-2520M CPU @ 2.50GHz
stepping	: 7
microcode	: 0x23
cpu MHz		: 2501.000
cache size	: 3072 KB
physical id	: 0
siblings	: 4
core id		: 0
cpu cores	: 2
apicid		: 1
initial apicid	: 1
fpu		: yes
fpu_exception	: yes
cpuid level	: 13
wp		: yes
flags		: fpu vme de pse tsc msr pae mce cx8 apic sep mtrr pge mca cmov pat pse36 clflush dts acpi mmx fxsr sse sse2 ss ht tm pbe syscall nx rdtscp lm constant_tsc arch_perfmon pebs bts rep_good nopl xtopology nonstop_tsc aperfmperf eagerfpu pni pclmulqdq dtes64 monitor ds_cpl vmx smx est tm2 ssse3 cx16 xtpr pdcm pcid sse4_1 sse4_2 x2apic popcnt tsc_deadline_timer aes xsave avx lahf_lm ida arat epb xsaveopt pln pts dtherm tpr_shadow vnmi flexpriority ept vpid
bogomips	: 4988.64
clflush size	: 64
cache_alignment	: 64
address sizes	: 36 bits physical, 48 bits virtual
power management:

processor	: 3
vendor_id	: GenuineIntel
cpu family	: 6
model		: 42
model name	: Intel(R) Core(TM) i5-2520M CPU @ 2.50GHz
stepping	: 7
microcode	: 0x23
cpu MHz		: 2501.000
cache size	: 3072 KB
physical id	: 0
siblings	: 4
core id		: 1
cpu cores	: 2
apicid		: 3
initial apicid	: 3
fpu		: yes
fpu_exception	: yes
cpuid level	: 13
wp		: yes
flags		: fpu vme de pse tsc msr pae mce cx8 apic sep mtrr pge mca cmov pat pse36 clflush dts acpi mmx fxsr sse sse2 ss ht tm pbe syscall nx rdtscp lm constant_tsc arch_perfmon pebs bts rep_good nopl xtopology nonstop_tsc aperfmperf eagerfpu pni pclmulqdq dtes64 monitor ds_cpl vmx smx est tm2 ssse3 cx16 xtpr pdcm pcid sse4_1 sse4_2 x2apic popcnt tsc_deadline_timer aes xsave avx lahf_lm ida arat epb xsaveopt pln pts dtherm tpr_shadow vnmi flexpriority ept vpid
bogomips	: 4988.64
clflush size	: 64
cache_alignment	: 64
address sizes	: 36 bits physical, 48 bits virtual
power management:



Memory: 4k page, physical 3924736k(238952k free), swap 0k(0k free)

vm_info: Java HotSpot(TM) 64-Bit Server VM (25.66-b17) for linux-amd64 JRE (1.8.0_66-b17), built on Oct  6 2015 17:28:34 by "java_re" with gcc 4.3.0 20080428 (Red Hat 4.3.0-8)

time: Wed Jun 15 10:53:12 2016
elapsed time: 2 seconds (0d 0h 0m 2s)

