#
# There is insufficient memory for the Java Runtime Environment to continue.
# Native memory allocation (mmap) failed to map 41943040 bytes for committing reserved memory.
# Possible reasons:
#   The system is out of physical RAM or swap space
#   In 32 bit mode, the process size limit was hit
# Possible solutions:
#   Reduce memory load on the system
#   Increase physical memory or swap space
#   Check if swap backing store is full
#   Use 64 bit Java on a 64 bit OS
#   Decrease Java heap size (-Xmx/-Xms)
#   Decrease number of Java threads
#   Decrease Java thread stack sizes (-Xss)
#   Set larger code cache with -XX:ReservedCodeCacheSize=
# This output file may be truncated or incomplete.
#
#  Out of Memory Error (os_linux.cpp:2627), pid=7886, tid=140075458356992
#
# JRE version: Java(TM) SE Runtime Environment (8.0_66-b17) (build 1.8.0_66-b17)
# Java VM: Java HotSpot(TM) 64-Bit Server VM (25.66-b17 mixed mode linux-amd64 compressed oops)
# Failed to write core dump. Core dumps have been disabled. To enable core dumping, try "ulimit -c unlimited" before starting Java again
#

---------------  T H R E A D  ---------------

Current thread (0x00007f65fc078000):  VMThread [stack: 0x00007f65dbdfe000,0x00007f65dbeff000] [id=7892]

Stack: [0x00007f65dbdfe000,0x00007f65dbeff000],  sp=0x00007f65dbefd1e0,  free space=1020k
Native frames: (J=compiled Java code, j=interpreted, Vv=VM code, C=native code)
V  [libjvm.so+0xab9a1a]  VMError::report_and_die()+0x2ba
V  [libjvm.so+0x4f9e0b]  report_vm_out_of_memory(char const*, int, unsigned long, VMErrorType, char const*)+0x8b
V  [libjvm.so+0x91a8a3]  os::Linux::commit_memory_impl(char*, unsigned long, bool)+0x103
V  [libjvm.so+0x91adf9]  os::pd_commit_memory(char*, unsigned long, unsigned long, bool)+0x29
V  [libjvm.so+0x91510a]  os::commit_memory(char*, unsigned long, unsigned long, bool)+0x2a
V  [libjvm.so+0x9887a3]  PSVirtualSpace::expand_by(unsigned long)+0x53
V  [libjvm.so+0x989ba8]  PSYoungGen::resize_generation(unsigned long, unsigned long)+0xf8
V  [libjvm.so+0x988d02]  PSYoungGen::resize(unsigned long, unsigned long)+0x22
V  [libjvm.so+0x985fdb]  PSScavenge::invoke_no_policy()+0xf3b
V  [libjvm.so+0x986761]  PSScavenge::invoke()+0x41
V  [libjvm.so+0x93e500]  ParallelScavengeHeap::failed_mem_allocate(unsigned long)+0x70
V  [libjvm.so+0xabb437]  VM_ParallelGCFailedAllocation::doit()+0x97
V  [libjvm.so+0xac2e65]  VM_Operation::evaluate()+0x55
V  [libjvm.so+0xac123a]  VMThread::evaluate_operation(VM_Operation*)+0xba
V  [libjvm.so+0xac15be]  VMThread::loop()+0x1ce
V  [libjvm.so+0xac1a30]  VMThread::run()+0x70
V  [libjvm.so+0x91cc68]  java_start(Thread*)+0x108

VM_Operation (0x00007f65db1f9c60): ParallelGCFailedAllocation, mode: safepoint, requested by thread 0x00007f65fc146000


---------------  P R O C E S S  ---------------

Java Threads: ( => current thread )
  0x00007f65fc157000 JavaThread "pool-1-thread-4" [_thread_blocked, id=7905, stack(0x00007f65dacf7000,0x00007f65dadf8000)]
  0x00007f65fc155000 JavaThread "pool-1-thread-3" [_thread_blocked, id=7904, stack(0x00007f65dadf8000,0x00007f65daef9000)]
  0x00007f65fc154000 JavaThread "pool-1-thread-2" [_thread_blocked, id=7903, stack(0x00007f65daef9000,0x00007f65daffa000)]
  0x00007f65fc148800 JavaThread "pool-2-thread-1" [_thread_blocked, id=7902, stack(0x00007f65daffa000,0x00007f65db0fb000)]
  0x00007f65fc146000 JavaThread "pool-1-thread-1" [_thread_blocked, id=7901, stack(0x00007f65db0fb000,0x00007f65db1fc000)]
  0x00007f65fc0c0000 JavaThread "Service Thread" daemon [_thread_blocked, id=7899, stack(0x00007f65db2fd000,0x00007f65db3fe000)]
  0x00007f65fc0bb000 JavaThread "C1 CompilerThread2" daemon [_thread_blocked, id=7898, stack(0x00007f65db3fe000,0x00007f65db4ff000)]
  0x00007f65fc0b9000 JavaThread "C2 CompilerThread1" daemon [_thread_blocked, id=7897, stack(0x00007f65db4ff000,0x00007f65db600000)]
  0x00007f65fc0b6800 JavaThread "C2 CompilerThread0" daemon [_thread_blocked, id=7896, stack(0x00007f65db600000,0x00007f65db701000)]
  0x00007f65fc0b5000 JavaThread "Signal Dispatcher" daemon [_thread_blocked, id=7895, stack(0x00007f65db701000,0x00007f65db802000)]
  0x00007f65fc07f000 JavaThread "Finalizer" daemon [_thread_blocked, id=7894, stack(0x00007f65dbbfc000,0x00007f65dbcfd000)]
  0x00007f65fc07d000 JavaThread "Reference Handler" daemon [_thread_blocked, id=7893, stack(0x00007f65dbcfd000,0x00007f65dbdfe000)]
  0x00007f65fc00a000 JavaThread "main" [_thread_blocked, id=7887, stack(0x00007f6602573000,0x00007f6602674000)]

Other Threads:
=>0x00007f65fc078000 VMThread [stack: 0x00007f65dbdfe000,0x00007f65dbeff000] [id=7892]
  0x00007f65fc0c3000 WatcherThread [stack: 0x00007f65db1fc000,0x00007f65db2fd000] [id=7900]

VM state:at safepoint (normal execution)

VM Mutex/Monitor currently owned by a thread:  ([mutex/lock_event])
[0x00007f65fc0063f0] Threads_lock - owner thread: 0x00007f65fc078000
[0x00007f65fc0068f0] Heap_lock - owner thread: 0x00007f65fc146000

Heap:
 PSYoungGen      total 33280K, used 2532K [0x00000000eab00000, 0x00000000ece00000, 0x0000000100000000)
  eden space 30720K, 0% used [0x00000000eab00000,0x00000000eab00000,0x00000000ec900000)
  from space 2560K, 98% used [0x00000000ec900000,0x00000000ecb79158,0x00000000ecb80000)
  to   space 2560K, 0% used [0x00000000ecb80000,0x00000000ecb80000,0x00000000ece00000)
 ParOldGen       total 40960K, used 12476K [0x00000000c0000000, 0x00000000c2800000, 0x00000000eab00000)
  object space 40960K, 30% used [0x00000000c0000000,0x00000000c0c2f328,0x00000000c2800000)
 Metaspace       used 5890K, capacity 6896K, committed 7040K, reserved 1056768K
  class space    used 592K, capacity 616K, committed 640K, reserved 1048576K

Card table byte_map: [0x00007f65ebfe8000,0x00007f65ec1e9000] byte_map_base: 0x00007f65eb9e8000

Marking Bits: (ParMarkBitMap*) 0x00007f6601a51020
 Begin Bits: [0x00007f65e9be4000, 0x00007f65eabe4000)
 End Bits:   [0x00007f65eabe4000, 0x00007f65ebbe4000)

Polling page: 0x00007f6602698000

CodeCache: size=245760Kb used=3996Kb max_used=4003Kb free=241763Kb
 bounds [0x00007f65ec5a9000, 0x00007f65ec999000, 0x00007f65fb5a9000]
 total_blobs=1420 nmethods=1151 adapters=182
 compilation: enabled

Compilation events (10 events):
Event: 5.731 Thread 0x00007f65fc0bb000 1171       1       java.util.HashMap$Node::getKey (5 bytes)
Event: 5.731 Thread 0x00007f65fc0bb000 nmethod 1171 0x00007f65ec98f7d0 code [0x00007f65ec98f920, 0x00007f65ec98fa30]
Event: 5.731 Thread 0x00007f65fc0bb000 1313       1       sun.util.calendar.CalendarDate::isStandardTime (5 bytes)
Event: 5.731 Thread 0x00007f65fc0bb000 nmethod 1313 0x00007f65ec98fa90 code [0x00007f65ec98fbe0, 0x00007f65ec98fcf0]
Event: 5.731 Thread 0x00007f65fc0bb000 1314       1       sun.util.calendar.BaseCalendar$Date::getCachedYear (5 bytes)
Event: 5.731 Thread 0x00007f65fc0bb000 nmethod 1314 0x00007f65ec98fd50 code [0x00007f65ec98fea0, 0x00007f65ec98ffb0]
Event: 5.731 Thread 0x00007f65fc0bb000 1302       1       com.android.dx.ssa.PhiInsn::canThrow (2 bytes)
Event: 5.731 Thread 0x00007f65fc0bb000 nmethod 1302 0x00007f65ec990010 code [0x00007f65ec990160, 0x00007f65ec990270]
Event: 5.731 Thread 0x00007f65fc0bb000 1303       1       com.android.dx.cf.direct.ClassPathOpener$1::accept (2 bytes)
Event: 5.731 Thread 0x00007f65fc0bb000 nmethod 1303 0x00007f65ec9902d0 code [0x00007f65ec990420, 0x00007f65ec990530]

GC Heap History (9 events):
Event: 2.749 GC heap before
{Heap before GC invocations=1 (full 0):
 PSYoungGen      total 17920K, used 15360K [0x00000000eab00000, 0x00000000ebf00000, 0x0000000100000000)
  eden space 15360K, 100% used [0x00000000eab00000,0x00000000eba00000,0x00000000eba00000)
  from space 2560K, 0% used [0x00000000ebc80000,0x00000000ebc80000,0x00000000ebf00000)
  to   space 2560K, 0% used [0x00000000eba00000,0x00000000eba00000,0x00000000ebc80000)
 ParOldGen       total 40960K, used 0K [0x00000000c0000000, 0x00000000c2800000, 0x00000000eab00000)
  object space 40960K, 0% used [0x00000000c0000000,0x00000000c0000000,0x00000000c2800000)
 Metaspace       used 5376K, capacity 6448K, committed 6528K, reserved 1056768K
  class space    used 586K, capacity 616K, committed 640K, reserved 1048576K
Event: 2.767 GC heap after
Heap after GC invocations=1 (full 0):
 PSYoungGen      total 17920K, used 2549K [0x00000000eab00000, 0x00000000ebf00000, 0x0000000100000000)
  eden space 15360K, 0% used [0x00000000eab00000,0x00000000eab00000,0x00000000eba00000)
  from space 2560K, 99% used [0x00000000eba00000,0x00000000ebc7d618,0x00000000ebc80000)
  to   space 2560K, 0% used [0x00000000ebc80000,0x00000000ebc80000,0x00000000ebf00000)
 ParOldGen       total 40960K, used 720K [0x00000000c0000000, 0x00000000c2800000, 0x00000000eab00000)
  object space 40960K, 1% used [0x00000000c0000000,0x00000000c00b42e8,0x00000000c2800000)
 Metaspace       used 5376K, capacity 6448K, committed 6528K, reserved 1056768K
  class space    used 586K, capacity 616K, committed 640K, reserved 1048576K
}
Event: 3.673 GC heap before
{Heap before GC invocations=2 (full 0):
 PSYoungGen      total 17920K, used 17909K [0x00000000eab00000, 0x00000000ebf00000, 0x0000000100000000)
  eden space 15360K, 100% used [0x00000000eab00000,0x00000000eba00000,0x00000000eba00000)
  from space 2560K, 99% used [0x00000000eba00000,0x00000000ebc7d618,0x00000000ebc80000)
  to   space 2560K, 0% used [0x00000000ebc80000,0x00000000ebc80000,0x00000000ebf00000)
 ParOldGen       total 40960K, used 720K [0x00000000c0000000, 0x00000000c2800000, 0x00000000eab00000)
  object space 40960K, 1% used [0x00000000c0000000,0x00000000c00b42e8,0x00000000c2800000)
 Metaspace       used 5761K, capacity 6768K, committed 7040K, reserved 1056768K
  class space    used 591K, capacity 616K, committed 640K, reserved 1048576K
Event: 3.691 GC heap after
Heap after GC invocations=2 (full 0):
 PSYoungGen      total 17920K, used 2558K [0x00000000eab00000, 0x00000000ece00000, 0x0000000100000000)
  eden space 15360K, 0% used [0x00000000eab00000,0x00000000eab00000,0x00000000eba00000)
  from space 2560K, 99% used [0x00000000ebc80000,0x00000000ebeffae8,0x00000000ebf00000)
  to   space 2560K, 0% used [0x00000000eba00000,0x00000000eba00000,0x00000000ebc80000)
 ParOldGen       total 40960K, used 2709K [0x00000000c0000000, 0x00000000c2800000, 0x00000000eab00000)
  object space 40960K, 6% used [0x00000000c0000000,0x00000000c02a55e0,0x00000000c2800000)
 Metaspace       used 5761K, capacity 6768K, committed 7040K, reserved 1056768K
  class space    used 591K, capacity 616K, committed 640K, reserved 1048576K
}
Event: 4.252 GC heap before
{Heap before GC invocations=3 (full 0):
 PSYoungGen      total 17920K, used 17918K [0x00000000eab00000, 0x00000000ece00000, 0x0000000100000000)
  eden space 15360K, 100% used [0x00000000eab00000,0x00000000eba00000,0x00000000eba00000)
  from space 2560K, 99% used [0x00000000ebc80000,0x00000000ebeffae8,0x00000000ebf00000)
  to   space 2560K, 0% used [0x00000000eba00000,0x00000000eba00000,0x00000000ebc80000)
 ParOldGen       total 40960K, used 2709K [0x00000000c0000000, 0x00000000c2800000, 0x00000000eab00000)
  object space 40960K, 6% used [0x00000000c0000000,0x00000000c02a55e0,0x00000000c2800000)
 Metaspace       used 5811K, capacity 6768K, committed 7040K, reserved 1056768K
  class space    used 592K, capacity 616K, committed 640K, reserved 1048576K
Event: 4.277 GC heap after
Heap after GC invocations=3 (full 0):
 PSYoungGen      total 17920K, used 2551K [0x00000000eab00000, 0x00000000ece00000, 0x0000000100000000)
  eden space 15360K, 0% used [0x00000000eab00000,0x00000000eab00000,0x00000000eba00000)
  from space 2560K, 99% used [0x00000000eba00000,0x00000000ebc7de88,0x00000000ebc80000)
  to   space 2560K, 0% used [0x00000000ecb80000,0x00000000ecb80000,0x00000000ece00000)
 ParOldGen       total 40960K, used 5250K [0x00000000c0000000, 0x00000000c2800000, 0x00000000eab00000)
  object space 40960K, 12% used [0x00000000c0000000,0x00000000c0520948,0x00000000c2800000)
 Metaspace       used 5811K, capacity 6768K, committed 7040K, reserved 1056768K
  class space    used 592K, capacity 616K, committed 640K, reserved 1048576K
}
Event: 4.885 GC heap before
{Heap before GC invocations=4 (full 0):
 PSYoungGen      total 17920K, used 17911K [0x00000000eab00000, 0x00000000ece00000, 0x0000000100000000)
  eden space 15360K, 100% used [0x00000000eab00000,0x00000000eba00000,0x00000000eba00000)
  from space 2560K, 99% used [0x00000000eba00000,0x00000000ebc7de88,0x00000000ebc80000)
  to   space 2560K, 0% used [0x00000000ecb80000,0x00000000ecb80000,0x00000000ece00000)
 ParOldGen       total 40960K, used 5250K [0x00000000c0000000, 0x00000000c2800000, 0x00000000eab00000)
  object space 40960K, 12% used [0x00000000c0000000,0x00000000c0520948,0x00000000c2800000)
 Metaspace       used 5828K, capacity 6832K, committed 7040K, reserved 1056768K
  class space    used 592K, capacity 616K, committed 640K, reserved 1048576K
Event: 4.949 GC heap after
Heap after GC invocations=4 (full 0):
 PSYoungGen      total 33280K, used 2550K [0x00000000eab00000, 0x00000000ece00000, 0x0000000100000000)
  eden space 30720K, 0% used [0x00000000eab00000,0x00000000eab00000,0x00000000ec900000)
  from space 2560K, 99% used [0x00000000ecb80000,0x00000000ecdfd840,0x00000000ece00000)
  to   space 2560K, 0% used [0x00000000ec900000,0x00000000ec900000,0x00000000ecb80000)
 ParOldGen       total 40960K, used 7722K [0x00000000c0000000, 0x00000000c2800000, 0x00000000eab00000)
  object space 40960K, 18% used [0x00000000c0000000,0x00000000c078aa20,0x00000000c2800000)
 Metaspace       used 5828K, capacity 6832K, committed 7040K, reserved 1056768K
  class space    used 592K, capacity 616K, committed 640K, reserved 1048576K
}
Event: 5.769 GC heap before
{Heap before GC invocations=5 (full 0):
 PSYoungGen      total 33280K, used 33270K [0x00000000eab00000, 0x00000000ece00000, 0x0000000100000000)
  eden space 30720K, 100% used [0x00000000eab00000,0x00000000ec900000,0x00000000ec900000)
  from space 2560K, 99% used [0x00000000ecb80000,0x00000000ecdfd840,0x00000000ece00000)
  to   space 2560K, 0% used [0x00000000ec900000,0x00000000ec900000,0x00000000ecb80000)
 ParOldGen       total 40960K, used 7722K [0x00000000c0000000, 0x00000000c2800000, 0x00000000eab00000)
  object space 40960K, 18% used [0x00000000c0000000,0x00000000c078aa20,0x00000000c2800000)
 Metaspace       used 5890K, capacity 6896K, committed 7040K, reserved 1056768K
  class space    used 592K, capacity 616K, committed 640K, reserved 1048576K

Deoptimization events (7 events):
Event: 1.651 Thread 0x00007f65fc00a000 Uncommon trap: reason=unstable_if action=reinterpret pc=0x00007f65ec6f1188 method=java.lang.String.indexOf(II)I @ 49
Event: 2.832 Thread 0x00007f65fc154000 Uncommon trap: reason=unstable_if action=reinterpret pc=0x00007f65ec79a3dc method=java.util.HashMap.getNode(ILjava/lang/Object;)Ljava/util/HashMap$Node; @ 62
Event: 2.832 Thread 0x00007f65fc154000 Uncommon trap: reason=unstable_if action=reinterpret pc=0x00007f65ec7939f4 method=java.util.HashMap.getNode(ILjava/lang/Object;)Ljava/util/HashMap$Node; @ 62
Event: 3.570 Thread 0x00007f65fc154000 Uncommon trap: reason=unstable_if action=reinterpret pc=0x00007f65ec7ea2c0 method=com.android.dx.rop.code.RegisterSpec.equals(ILcom/android/dx/rop/type/TypeBearer;Lcom/android/dx/rop/code/LocalItem;)Z @ 42
Event: 3.869 Thread 0x00007f65fc155000 Uncommon trap: reason=null_check action=make_not_entrant pc=0x00007f65ec85beec method=com.android.dx.ssa.SsaRenamer.getLocalForNewReg(I)Lcom/android/dx/rop/code/LocalItem; @ 19
Event: 3.877 Thread 0x00007f65fc00a000 Uncommon trap: reason=null_check action=make_not_entrant pc=0x00007f65ec85beec method=com.android.dx.ssa.SsaRenamer.getLocalForNewReg(I)Lcom/android/dx/rop/code/LocalItem; @ 19
Event: 4.649 Thread 0x00007f65fc155000 Uncommon trap: reason=unstable_if action=reinterpret pc=0x00007f65ec7e921c method=com.android.dx.rop.cst.Constant.compareTo(Lcom/android/dx/rop/cst/Constant;)I @ 12

Internal exceptions (4 events):
Event: 0.314 Thread 0x00007f65fc00a000 Exception <a 'java/lang/NoSuchMethodError': Method sun.misc.Unsafe.defineClass(Ljava/lang/String;[BII)Ljava/lang/Class; name or signature does not match> (0x00000000eab12b98) thrown at [/HUDSON/workspace/8-2-build-linux-amd64/jdk8u66/4988/hotspot/src/shar
Event: 0.314 Thread 0x00007f65fc00a000 Exception <a 'java/lang/NoSuchMethodError': Method sun.misc.Unsafe.prefetchRead(Ljava/lang/Object;J)V name or signature does not match> (0x00000000eab12e80) thrown at [/HUDSON/workspace/8-2-build-linux-amd64/jdk8u66/4988/hotspot/src/share/vm/prims/jni.cpp
Event: 3.855 Thread 0x00007f65fc155000 Implicit null exception at 0x00007f65ec858fec to 0x00007f65ec85bea9
Event: 3.860 Thread 0x00007f65fc00a000 Implicit null exception at 0x00007f65ec858fec to 0x00007f65ec85bea9

Events (10 events):
Event: 4.618 Executing VM operation: EnableBiasedLocking
Event: 4.632 Executing VM operation: EnableBiasedLocking done
Event: 4.649 Thread 0x00007f65fc155000 Uncommon trap: trap_request=0xffffff65 fr.pc=0x00007f65ec7e921c
Event: 4.649 Thread 0x00007f65fc155000 DEOPT PACKING pc=0x00007f65ec7e921c sp=0x00007f65daef6a70
Event: 4.649 Thread 0x00007f65fc155000 DEOPT UNPACKING pc=0x00007f65ec5ae229 sp=0x00007f65daef6a30 mode 2
Event: 4.845 Executing VM operation: ParallelGCFailedAllocation
Event: 4.952 Executing VM operation: ParallelGCFailedAllocation done
Event: 5.591 Thread 0x00007f65fc154000 DEOPT PACKING pc=0x00007f65ec8ef2ec sp=0x00007f65daff8070
Event: 5.591 Thread 0x00007f65fc154000 DEOPT UNPACKING pc=0x00007f65ec5f0633 sp=0x00007f65daff7d70 mode 0
Event: 5.751 Executing VM operation: ParallelGCFailedAllocation


Dynamic libraries:
00400000-00401000 r-xp 00000000 08:03 2505132                            /usr/lib/jvm/java-8-oracle/bin/java
00600000-00601000 rw-p 00000000 08:03 2505132                            /usr/lib/jvm/java-8-oracle/bin/java
0227e000-0229f000 rw-p 00000000 00:00 0                                  [heap]
c0000000-c2800000 rw-p 00000000 00:00 0 
c2800000-eab00000 ---p 00000000 00:00 0 
eab00000-ece00000 rw-p 00000000 00:00 0 
ef600000-100000000 ---p 00000000 00:00 0 
100000000-1000a0000 rw-p 00000000 00:00 0 
1000a0000-140000000 ---p 00000000 00:00 0 
7f6598000000-7f6598021000 rw-p 00000000 00:00 0 
7f6598021000-7f659c000000 ---p 00000000 00:00 0 
7f65a0000000-7f65a0021000 rw-p 00000000 00:00 0 
7f65a0021000-7f65a4000000 ---p 00000000 00:00 0 
7f65a4000000-7f65a4021000 rw-p 00000000 00:00 0 
7f65a4021000-7f65a8000000 ---p 00000000 00:00 0 
7f65a8000000-7f65a802b000 rw-p 00000000 00:00 0 
7f65a802b000-7f65ac000000 ---p 00000000 00:00 0 
7f65ac000000-7f65ac021000 rw-p 00000000 00:00 0 
7f65ac021000-7f65b0000000 ---p 00000000 00:00 0 
7f65b0000000-7f65b0021000 rw-p 00000000 00:00 0 
7f65b0021000-7f65b4000000 ---p 00000000 00:00 0 
7f65b4000000-7f65b4021000 rw-p 00000000 00:00 0 
7f65b4021000-7f65b8000000 ---p 00000000 00:00 0 
7f65b8000000-7f65b83c6000 rw-p 00000000 00:00 0 
7f65b83c6000-7f65bc000000 ---p 00000000 00:00 0 
7f65bc000000-7f65bc7b6000 rw-p 00000000 00:00 0 
7f65bc7b6000-7f65c0000000 ---p 00000000 00:00 0 
7f65c0000000-7f65c0021000 rw-p 00000000 00:00 0 
7f65c0021000-7f65c4000000 ---p 00000000 00:00 0 
7f65c4000000-7f65c48c3000 rw-p 00000000 00:00 0 
7f65c48c3000-7f65c8000000 ---p 00000000 00:00 0 
7f65c8000000-7f65c8021000 rw-p 00000000 00:00 0 
7f65c8021000-7f65cc000000 ---p 00000000 00:00 0 
7f65cc000000-7f65cc021000 rw-p 00000000 00:00 0 
7f65cc021000-7f65d0000000 ---p 00000000 00:00 0 
7f65d0000000-7f65d028c000 rw-p 00000000 00:00 0 
7f65d028c000-7f65d4000000 ---p 00000000 00:00 0 
7f65d4000000-7f65d4021000 rw-p 00000000 00:00 0 
7f65d4021000-7f65d8000000 ---p 00000000 00:00 0 
7f65dacf7000-7f65dacfa000 ---p 00000000 00:00 0 
7f65dacfa000-7f65dadf8000 rw-p 00000000 00:00 0                          [stack:7905]
7f65dadf8000-7f65dadfb000 ---p 00000000 00:00 0 
7f65dadfb000-7f65daef9000 rw-p 00000000 00:00 0                          [stack:7904]
7f65daef9000-7f65daefc000 ---p 00000000 00:00 0 
7f65daefc000-7f65daffa000 rw-p 00000000 00:00 0                          [stack:7903]
7f65daffa000-7f65daffd000 ---p 00000000 00:00 0 
7f65daffd000-7f65db0fb000 rw-p 00000000 00:00 0                          [stack:7902]
7f65db0fb000-7f65db0fe000 ---p 00000000 00:00 0 
7f65db0fe000-7f65db1fc000 rw-p 00000000 00:00 0                          [stack:7901]
7f65db1fc000-7f65db1fd000 ---p 00000000 00:00 0 
7f65db1fd000-7f65db2fd000 rw-p 00000000 00:00 0                          [stack:7900]
7f65db2fd000-7f65db300000 ---p 00000000 00:00 0 
7f65db300000-7f65db3fe000 rw-p 00000000 00:00 0                          [stack:7899]
7f65db3fe000-7f65db401000 ---p 00000000 00:00 0 
7f65db401000-7f65db4ff000 rw-p 00000000 00:00 0                          [stack:7898]
7f65db4ff000-7f65db502000 ---p 00000000 00:00 0 
7f65db502000-7f65db600000 rw-p 00000000 00:00 0                          [stack:7897]
7f65db600000-7f65db603000 ---p 00000000 00:00 0 
7f65db603000-7f65db701000 rw-p 00000000 00:00 0                          [stack:7896]
7f65db701000-7f65db704000 ---p 00000000 00:00 0 
7f65db704000-7f65db802000 rw-p 00000000 00:00 0                          [stack:7895]
7f65db802000-7f65dbbfc000 r--p 00000000 08:03 2502952                    /usr/lib/locale/locale-archive
7f65dbbfc000-7f65dbbff000 ---p 00000000 00:00 0 
7f65dbbff000-7f65dbcfd000 rw-p 00000000 00:00 0                          [stack:7894]
7f65dbcfd000-7f65dbd00000 ---p 00000000 00:00 0 
7f65dbd00000-7f65dbdfe000 rw-p 00000000 00:00 0                          [stack:7893]
7f65dbdfe000-7f65dbdff000 ---p 00000000 00:00 0 
7f65dbdff000-7f65dc000000 rw-p 00000000 00:00 0                          [stack:7892]
7f65dc000000-7f65dc021000 rw-p 00000000 00:00 0 
7f65dc021000-7f65e0000000 ---p 00000000 00:00 0 
7f65e0000000-7f65e0021000 rw-p 00000000 00:00 0 
7f65e0021000-7f65e4000000 ---p 00000000 00:00 0 
7f65e4000000-7f65e4021000 rw-p 00000000 00:00 0 
7f65e4021000-7f65e8000000 ---p 00000000 00:00 0 
7f65e80ca000-7f65e80d3000 r--s 00089000 08:03 460852                     /home/abel/Escritorio/Radikap/raddapp-GoHomeImplementation/app/build/intermediates/exploded-aar/com.android.support/appcompat-v7/23.1.1/jars/classes.jar
7f65e80d3000-7f65e80e2000 r--s 000df000 08:03 1594811                    /home/abel/Android/Sdk/build-tools/23.0.2/lib/dx.jar
7f65e80e2000-7f65e8f95000 rw-p 00000000 00:00 0 
7f65e8f95000-7f65e916e000 r--s 03d20000 08:03 2514028                    /usr/lib/jvm/java-8-oracle/jre/lib/rt.jar
7f65e916e000-7f65e9824000 rw-p 00000000 00:00 0 
7f65e9824000-7f65e99e4000 ---p 00000000 00:00 0 
7f65e99e4000-7f65ebbe4000 rw-p 00000000 00:00 0 
7f65ebbe4000-7f65ebbe5000 ---p 00000000 00:00 0 
7f65ebbe5000-7f65ebce5000 rw-p 00000000 00:00 0                          [stack:7891]
7f65ebce5000-7f65ebce6000 ---p 00000000 00:00 0 
7f65ebce6000-7f65ebde6000 rw-p 00000000 00:00 0                          [stack:7890]
7f65ebde6000-7f65ebde7000 ---p 00000000 00:00 0 
7f65ebde7000-7f65ebee7000 rw-p 00000000 00:00 0                          [stack:7889]
7f65ebee7000-7f65ebee8000 ---p 00000000 00:00 0 
7f65ebee8000-7f65ebffc000 rw-p 00000000 00:00 0                          [stack:7888]
7f65ebffc000-7f65ec13d000 ---p 00000000 00:00 0 
7f65ec13d000-7f65ec14f000 rw-p 00000000 00:00 0 
7f65ec14f000-7f65ec1e8000 ---p 00000000 00:00 0 
7f65ec1e8000-7f65ec1f9000 rw-p 00000000 00:00 0 
7f65ec1f9000-7f65ec5a9000 ---p 00000000 00:00 0 
7f65ec5a9000-7f65ec999000 rwxp 00000000 00:00 0 
7f65ec999000-7f65fb5a9000 ---p 00000000 00:00 0 
7f65fb5a9000-7f65fb5c3000 r-xp 00000000 08:03 2514053                    /usr/lib/jvm/java-8-oracle/jre/lib/amd64/libzip.so
7f65fb5c3000-7f65fb7c3000 ---p 0001a000 08:03 2514053                    /usr/lib/jvm/java-8-oracle/jre/lib/amd64/libzip.so
7f65fb7c3000-7f65fb7c4000 rw-p 0001a000 08:03 2514053                    /usr/lib/jvm/java-8-oracle/jre/lib/amd64/libzip.so
7f65fb7c4000-7f65fb7cf000 r-xp 00000000 08:03 526302                     /lib/x86_64-linux-gnu/libnss_files-2.19.so
7f65fb7cf000-7f65fb9ce000 ---p 0000b000 08:03 526302                     /lib/x86_64-linux-gnu/libnss_files-2.19.so
7f65fb9ce000-7f65fb9cf000 r--p 0000a000 08:03 526302                     /lib/x86_64-linux-gnu/libnss_files-2.19.so
7f65fb9cf000-7f65fb9d0000 rw-p 0000b000 08:03 526302                     /lib/x86_64-linux-gnu/libnss_files-2.19.so
7f65fb9d0000-7f65fb9db000 r-xp 00000000 08:03 526366                     /lib/x86_64-linux-gnu/libnss_nis-2.19.so
7f65fb9db000-7f65fbbda000 ---p 0000b000 08:03 526366                     /lib/x86_64-linux-gnu/libnss_nis-2.19.so
7f65fbbda000-7f65fbbdb000 r--p 0000a000 08:03 526366                     /lib/x86_64-linux-gnu/libnss_nis-2.19.so
7f65fbbdb000-7f65fbbdc000 rw-p 0000b000 08:03 526366                     /lib/x86_64-linux-gnu/libnss_nis-2.19.so
7f65fbbdc000-7f65fbbf3000 r-xp 00000000 08:03 526324                     /lib/x86_64-linux-gnu/libnsl-2.19.so
7f65fbbf3000-7f65fbdf2000 ---p 00017000 08:03 526324                     /lib/x86_64-linux-gnu/libnsl-2.19.so
7f65fbdf2000-7f65fbdf3000 r--p 00016000 08:03 526324                     /lib/x86_64-linux-gnu/libnsl-2.19.so
7f65fbdf3000-7f65fbdf4000 rw-p 00017000 08:03 526324                     /lib/x86_64-linux-gnu/libnsl-2.19.so
7f65fbdf4000-7f65fbdf6000 rw-p 00000000 00:00 0 
7f65fbdf6000-7f65fbdff000 r-xp 00000000 08:03 526323                     /lib/x86_64-linux-gnu/libnss_compat-2.19.so
7f65fbdff000-7f65fbffe000 ---p 00009000 08:03 526323                     /lib/x86_64-linux-gnu/libnss_compat-2.19.so
7f65fbffe000-7f65fbfff000 r--p 00008000 08:03 526323                     /lib/x86_64-linux-gnu/libnss_compat-2.19.so
7f65fbfff000-7f65fc000000 rw-p 00009000 08:03 526323                     /lib/x86_64-linux-gnu/libnss_compat-2.19.so
7f65fc000000-7f65fc389000 rw-p 00000000 00:00 0 
7f65fc389000-7f6600000000 ---p 00000000 00:00 0 
7f6600003000-7f6600017000 rw-p 00000000 00:00 0 
7f6600017000-7f6600159000 ---p 00000000 00:00 0 
7f6600159000-7f6600183000 r-xp 00000000 08:03 2514038                    /usr/lib/jvm/java-8-oracle/jre/lib/amd64/libjava.so
7f6600183000-7f6600383000 ---p 0002a000 08:03 2514038                    /usr/lib/jvm/java-8-oracle/jre/lib/amd64/libjava.so
7f6600383000-7f6600385000 rw-p 0002a000 08:03 2514038                    /usr/lib/jvm/java-8-oracle/jre/lib/amd64/libjava.so
7f6600385000-7f6600392000 r-xp 00000000 08:03 2514089                    /usr/lib/jvm/java-8-oracle/jre/lib/amd64/libverify.so
7f6600392000-7f6600592000 ---p 0000d000 08:03 2514089                    /usr/lib/jvm/java-8-oracle/jre/lib/amd64/libverify.so
7f6600592000-7f6600594000 rw-p 0000d000 08:03 2514089                    /usr/lib/jvm/java-8-oracle/jre/lib/amd64/libverify.so
7f6600594000-7f660059b000 r-xp 00000000 08:03 526363                     /lib/x86_64-linux-gnu/librt-2.19.so
7f660059b000-7f660079a000 ---p 00007000 08:03 526363                     /lib/x86_64-linux-gnu/librt-2.19.so
7f660079a000-7f660079b000 r--p 00006000 08:03 526363                     /lib/x86_64-linux-gnu/librt-2.19.so
7f660079b000-7f660079c000 rw-p 00007000 08:03 526363                     /lib/x86_64-linux-gnu/librt-2.19.so
7f660079c000-7f66008a1000 r-xp 00000000 08:03 526301                     /lib/x86_64-linux-gnu/libm-2.19.so
7f66008a1000-7f6600aa0000 ---p 00105000 08:03 526301                     /lib/x86_64-linux-gnu/libm-2.19.so
7f6600aa0000-7f6600aa1000 r--p 00104000 08:03 526301                     /lib/x86_64-linux-gnu/libm-2.19.so
7f6600aa1000-7f6600aa2000 rw-p 00105000 08:03 526301                     /lib/x86_64-linux-gnu/libm-2.19.so
7f6600aa2000-7f6601760000 r-xp 00000000 08:03 2514058                    /usr/lib/jvm/java-8-oracle/jre/lib/amd64/server/libjvm.so
7f6601760000-7f660195f000 ---p 00cbe000 08:03 2514058                    /usr/lib/jvm/java-8-oracle/jre/lib/amd64/server/libjvm.so
7f660195f000-7f6601a38000 rw-p 00cbd000 08:03 2514058                    /usr/lib/jvm/java-8-oracle/jre/lib/amd64/server/libjvm.so
7f6601a38000-7f6601a7c000 rw-p 00000000 00:00 0 
7f6601a7c000-7f6601c37000 r-xp 00000000 08:03 526352                     /lib/x86_64-linux-gnu/libc-2.19.so
7f6601c37000-7f6601e36000 ---p 001bb000 08:03 526352                     /lib/x86_64-linux-gnu/libc-2.19.so
7f6601e36000-7f6601e3a000 r--p 001ba000 08:03 526352                     /lib/x86_64-linux-gnu/libc-2.19.so
7f6601e3a000-7f6601e3c000 rw-p 001be000 08:03 526352                     /lib/x86_64-linux-gnu/libc-2.19.so
7f6601e3c000-7f6601e41000 rw-p 00000000 00:00 0 
7f6601e41000-7f6601e44000 r-xp 00000000 08:03 526305                     /lib/x86_64-linux-gnu/libdl-2.19.so
7f6601e44000-7f6602043000 ---p 00003000 08:03 526305                     /lib/x86_64-linux-gnu/libdl-2.19.so
7f6602043000-7f6602044000 r--p 00002000 08:03 526305                     /lib/x86_64-linux-gnu/libdl-2.19.so
7f6602044000-7f6602045000 rw-p 00003000 08:03 526305                     /lib/x86_64-linux-gnu/libdl-2.19.so
7f6602045000-7f660205a000 r-xp 00000000 08:03 2770900                    /usr/lib/jvm/java-8-oracle/lib/amd64/jli/libjli.so
7f660205a000-7f660225a000 ---p 00015000 08:03 2770900                    /usr/lib/jvm/java-8-oracle/lib/amd64/jli/libjli.so
7f660225a000-7f660225b000 rw-p 00015000 08:03 2770900                    /usr/lib/jvm/java-8-oracle/lib/amd64/jli/libjli.so
7f660225b000-7f6602274000 r-xp 00000000 08:03 526353                     /lib/x86_64-linux-gnu/libpthread-2.19.so
7f6602274000-7f6602473000 ---p 00019000 08:03 526353                     /lib/x86_64-linux-gnu/libpthread-2.19.so
7f6602473000-7f6602474000 r--p 00018000 08:03 526353                     /lib/x86_64-linux-gnu/libpthread-2.19.so
7f6602474000-7f6602475000 rw-p 00019000 08:03 526353                     /lib/x86_64-linux-gnu/libpthread-2.19.so
7f6602475000-7f6602479000 rw-p 00000000 00:00 0 
7f6602479000-7f660249c000 r-xp 00000000 08:03 526328                     /lib/x86_64-linux-gnu/ld-2.19.so
7f66024a1000-7f6602573000 rw-p 00000000 00:00 0 
7f6602573000-7f6602576000 ---p 00000000 00:00 0 
7f6602576000-7f6602678000 rw-p 00000000 00:00 0                          [stack:7887]
7f660267a000-7f660268f000 rw-p 00000000 00:00 0 
7f660268f000-7f6602697000 rw-s 00000000 08:03 1721384                    /tmp/hsperfdata_abel/7886
7f6602697000-7f6602698000 rw-p 00000000 00:00 0 
7f6602698000-7f6602699000 ---p 00000000 00:00 0 
7f6602699000-7f660269b000 rw-p 00000000 00:00 0 
7f660269b000-7f660269c000 r--p 00022000 08:03 526328                     /lib/x86_64-linux-gnu/ld-2.19.so
7f660269c000-7f660269d000 rw-p 00023000 08:03 526328                     /lib/x86_64-linux-gnu/ld-2.19.so
7f660269d000-7f660269e000 rw-p 00000000 00:00 0 
7fffdddb2000-7fffdddd3000 rw-p 00000000 00:00 0                          [stack]
7fffdddfe000-7fffdde00000 r-xp 00000000 00:00 0                          [vdso]
ffffffffff600000-ffffffffff601000 r-xp 00000000 00:00 0                  [vsyscall]

VM Arguments:
jvm_args: -Xmx1024M -Dfile.encoding=UTF-8 -Duser.country=MX -Duser.language=es -Duser.variant 
java_command: com.android.dx.command.Main --dex --num-threads=4 --output /home/abel/Escritorio/Radikap/raddapp-GoHomeImplementation/app/build/intermediates/pre-dexed/debug/classes-bc864c39a7bb4ce0bd1c46f75db782abf631869b.jar /home/abel/Escritorio/Radikap/raddapp-GoHomeImplementation/app/build/intermediates/exploded-aar/com.android.support/appcompat-v7/23.1.1/jars/classes.jar
java_class_path (initial): /home/abel/Android/Sdk/build-tools/23.0.2/lib/dx.jar
Launcher Type: SUN_STANDARD

Environment Variables:
PATH=/usr/local/sbin:/usr/local/bin:/usr/sbin:/usr/bin:/sbin:/bin:/usr/games:/usr/local/games:/home/abel/jdk1.8.0_65/jre/bin:/home/abel/jdk1.8.0_65/bin
USERNAME=abel
LD_LIBRARY_PATH=.:
SHELL=/bin/bash
DISPLAY=:0.0

Signal Handlers:
SIGSEGV: [libjvm.so+0xaba2a0], sa_mask[0]=11111111011111111101111111111110, sa_flags=SA_RESTART|SA_SIGINFO
SIGBUS: [libjvm.so+0xaba2a0], sa_mask[0]=11111111011111111101111111111110, sa_flags=SA_RESTART|SA_SIGINFO
SIGFPE: [libjvm.so+0x917710], sa_mask[0]=11111111011111111101111111111110, sa_flags=SA_RESTART|SA_SIGINFO
SIGPIPE: [libjvm.so+0x917710], sa_mask[0]=11111111011111111101111111111110, sa_flags=SA_RESTART|SA_SIGINFO
SIGXFSZ: [libjvm.so+0x917710], sa_mask[0]=11111111011111111101111111111110, sa_flags=SA_RESTART|SA_SIGINFO
SIGILL: [libjvm.so+0x917710], sa_mask[0]=11111111011111111101111111111110, sa_flags=SA_RESTART|SA_SIGINFO
SIGUSR1: SIG_DFL, sa_mask[0]=00000000000000000000000000000000, sa_flags=none
SIGUSR2: [libjvm.so+0x918d40], sa_mask[0]=00100000000000000000000000000000, sa_flags=SA_RESTART|SA_SIGINFO
SIGHUP: [libjvm.so+0x91a140], sa_mask[0]=11111111011111111101111111111110, sa_flags=SA_RESTART|SA_SIGINFO
SIGINT: [libjvm.so+0x91a140], sa_mask[0]=11111111011111111101111111111110, sa_flags=SA_RESTART|SA_SIGINFO
SIGTERM: [libjvm.so+0x91a140], sa_mask[0]=11111111011111111101111111111110, sa_flags=SA_RESTART|SA_SIGINFO
SIGQUIT: [libjvm.so+0x91a140], sa_mask[0]=11111111011111111101111111111110, sa_flags=SA_RESTART|SA_SIGINFO


---------------  S Y S T E M  ---------------

OS:DISTRIB_ID=LinuxMint
DISTRIB_RELEASE=17.1
DISTRIB_CODENAME=rebecca
DISTRIB_DESCRIPTION="Linux Mint 17.1 Rebecca"

uname:Linux 3.13.0-37-generic #64-Ubuntu SMP Mon Sep 22 21:28:38 UTC 2014 x86_64
libc:glibc 2.19 NPTL 2.19 
rlimit: STACK 8192k, CORE 0k, NPROC 30418, NOFILE 4096, AS infinity
load average:7.75 2.03 0.92

/proc/meminfo:
MemTotal:        3924736 kB
MemFree:           85864 kB
Buffers:             576 kB
Cached:           328176 kB
SwapCached:            0 kB
Active:          3347120 kB
Inactive:         319508 kB
Active(anon):    3342972 kB
Inactive(anon):   316120 kB
Active(file):       4148 kB
Inactive(file):     3388 kB
Unevictable:           0 kB
Mlocked:               0 kB
SwapTotal:             0 kB
SwapFree:              0 kB
Dirty:               104 kB
Writeback:             0 kB
AnonPages:       3338540 kB
Mapped:           136004 kB
Shmem:            320556 kB
Slab:              64236 kB
SReclaimable:      29008 kB
SUnreclaim:        35228 kB
KernelStack:        5680 kB
PageTables:        38168 kB
NFS_Unstable:          0 kB
Bounce:                0 kB
WritebackTmp:          0 kB
CommitLimit:     1962368 kB
Committed_AS:    7165140 kB
VmallocTotal:   34359738367 kB
VmallocUsed:      346700 kB
VmallocChunk:   34359383516 kB
HardwareCorrupted:     0 kB
AnonHugePages:    915456 kB
HugePages_Total:       0
HugePages_Free:        0
HugePages_Rsvd:        0
HugePages_Surp:        0
Hugepagesize:       2048 kB
DirectMap4k:       81360 kB
DirectMap2M:     3991552 kB


CPU:total 4 (2 cores per cpu, 2 threads per core) family 6 model 42 stepping 7, cmov, cx8, fxsr, mmx, sse, sse2, sse3, ssse3, sse4.1, sse4.2, popcnt, avx, aes, clmul, ht, tsc, tscinvbit

/proc/cpuinfo:
processor	: 0
vendor_id	: GenuineIntel
cpu family	: 6
model		: 42
model name	: Intel(R) Core(TM) i5-2520M CPU @ 2.50GHz
stepping	: 7
microcode	: 0x23
cpu MHz		: 2501.000
cache size	: 3072 KB
physical id	: 0
siblings	: 4
core id		: 0
cpu cores	: 2
apicid		: 0
initial apicid	: 0
fpu		: yes
fpu_exception	: yes
cpuid level	: 13
wp		: yes
flags		: fpu vme de pse tsc msr pae mce cx8 apic sep mtrr pge mca cmov pat pse36 clflush dts acpi mmx fxsr sse sse2 ss ht tm pbe syscall nx rdtscp lm constant_tsc arch_perfmon pebs bts rep_good nopl xtopology nonstop_tsc aperfmperf eagerfpu pni pclmulqdq dtes64 monitor ds_cpl vmx smx est tm2 ssse3 cx16 xtpr pdcm pcid sse4_1 sse4_2 x2apic popcnt tsc_deadline_timer aes xsave avx lahf_lm ida arat epb xsaveopt pln pts dtherm tpr_shadow vnmi flexpriority ept vpid
bogomips	: 4988.64
clflush size	: 64
cache_alignment	: 64
address sizes	: 36 bits physical, 48 bits virtual
power management:

processor	: 1
vendor_id	: GenuineIntel
cpu family	: 6
model		: 42
model name	: Intel(R) Core(TM) i5-2520M CPU @ 2.50GHz
stepping	: 7
microcode	: 0x23
cpu MHz		: 2501.000
cache size	: 3072 KB
physical id	: 0
siblings	: 4
core id		: 1
cpu cores	: 2
apicid		: 2
initial apicid	: 2
fpu		: yes
fpu_exception	: yes
cpuid level	: 13
wp		: yes
flags		: fpu vme de pse tsc msr pae mce cx8 apic sep mtrr pge mca cmov pat pse36 clflush dts acpi mmx fxsr sse sse2 ss ht tm pbe syscall nx rdtscp lm constant_tsc arch_perfmon pebs bts rep_good nopl xtopology nonstop_tsc aperfmperf eagerfpu pni pclmulqdq dtes64 monitor ds_cpl vmx smx est tm2 ssse3 cx16 xtpr pdcm pcid sse4_1 sse4_2 x2apic popcnt tsc_deadline_timer aes xsave avx lahf_lm ida arat epb xsaveopt pln pts dtherm tpr_shadow vnmi flexpriority ept vpid
bogomips	: 4988.64
clflush size	: 64
cache_alignment	: 64
address sizes	: 36 bits physical, 48 bits virtual
power management:

processor	: 2
vendor_id	: GenuineIntel
cpu family	: 6
model		: 42
model name	: Intel(R) Core(TM) i5-2520M CPU @ 2.50GHz
stepping	: 7
microcode	: 0x23
cpu MHz		: 2501.000
cache size	: 3072 KB
physical id	: 0
siblings	: 4
core id		: 0
cpu cores	: 2
apicid		: 1
initial apicid	: 1
fpu		: yes
fpu_exception	: yes
cpuid level	: 13
wp		: yes
flags		: fpu vme de pse tsc msr pae mce cx8 apic sep mtrr pge mca cmov pat pse36 clflush dts acpi mmx fxsr sse sse2 ss ht tm pbe syscall nx rdtscp lm constant_tsc arch_perfmon pebs bts rep_good nopl xtopology nonstop_tsc aperfmperf eagerfpu pni pclmulqdq dtes64 monitor ds_cpl vmx smx est tm2 ssse3 cx16 xtpr pdcm pcid sse4_1 sse4_2 x2apic popcnt tsc_deadline_timer aes xsave avx lahf_lm ida arat epb xsaveopt pln pts dtherm tpr_shadow vnmi flexpriority ept vpid
bogomips	: 4988.64
clflush size	: 64
cache_alignment	: 64
address sizes	: 36 bits physical, 48 bits virtual
power management:

processor	: 3
vendor_id	: GenuineIntel
cpu family	: 6
model		: 42
model name	: Intel(R) Core(TM) i5-2520M CPU @ 2.50GHz
stepping	: 7
microcode	: 0x23
cpu MHz		: 2501.000
cache size	: 3072 KB
physical id	: 0
siblings	: 4
core id		: 1
cpu cores	: 2
apicid		: 3
initial apicid	: 3
fpu		: yes
fpu_exception	: yes
cpuid level	: 13
wp		: yes
flags		: fpu vme de pse tsc msr pae mce cx8 apic sep mtrr pge mca cmov pat pse36 clflush dts acpi mmx fxsr sse sse2 ss ht tm pbe syscall nx rdtscp lm constant_tsc arch_perfmon pebs bts rep_good nopl xtopology nonstop_tsc aperfmperf eagerfpu pni pclmulqdq dtes64 monitor ds_cpl vmx smx est tm2 ssse3 cx16 xtpr pdcm pcid sse4_1 sse4_2 x2apic popcnt tsc_deadline_timer aes xsave avx lahf_lm ida arat epb xsaveopt pln pts dtherm tpr_shadow vnmi flexpriority ept vpid
bogomips	: 4988.64
clflush size	: 64
cache_alignment	: 64
address sizes	: 36 bits physical, 48 bits virtual
power management:



Memory: 4k page, physical 3924736k(86208k free), swap 0k(0k free)

vm_info: Java HotSpot(TM) 64-Bit Server VM (25.66-b17) for linux-amd64 JRE (1.8.0_66-b17), built on Oct  6 2015 17:28:34 by "java_re" with gcc 4.3.0 20080428 (Red Hat 4.3.0-8)

time: Wed Jun 15 10:53:18 2016
elapsed time: 6 seconds (0d 0h 0m 6s)

