#
# There is insufficient memory for the Java Runtime Environment to continue.
# Native memory allocation (mmap) failed to map 70254592 bytes for committing reserved memory.
# Possible reasons:
#   The system is out of physical RAM or swap space
#   In 32 bit mode, the process size limit was hit
# Possible solutions:
#   Reduce memory load on the system
#   Increase physical memory or swap space
#   Check if swap backing store is full
#   Use 64 bit Java on a 64 bit OS
#   Decrease Java heap size (-Xmx/-Xms)
#   Decrease number of Java threads
#   Decrease Java thread stack sizes (-Xss)
#   Set larger code cache with -XX:ReservedCodeCacheSize=
# This output file may be truncated or incomplete.
#
#  Out of Memory Error (os_linux.cpp:2627), pid=8025, tid=140309337810688
#
# JRE version: Java(TM) SE Runtime Environment (8.0_66-b17) (build 1.8.0_66-b17)
# Java VM: Java HotSpot(TM) 64-Bit Server VM (25.66-b17 mixed mode linux-amd64 compressed oops)
# Failed to write core dump. Core dumps have been disabled. To enable core dumping, try "ulimit -c unlimited" before starting Java again
#

---------------  T H R E A D  ---------------

Current thread (0x00007f9c60078000):  VMThread [stack: 0x00007f9c502d2000,0x00007f9c503d3000] [id=8060]

Stack: [0x00007f9c502d2000,0x00007f9c503d3000],  sp=0x00007f9c503d1060,  free space=1020k
Native frames: (J=compiled Java code, j=interpreted, Vv=VM code, C=native code)
V  [libjvm.so+0xab9a1a]  VMError::report_and_die()+0x2ba
V  [libjvm.so+0x4f9e0b]  report_vm_out_of_memory(char const*, int, unsigned long, VMErrorType, char const*)+0x8b
V  [libjvm.so+0x91a8a3]  os::Linux::commit_memory_impl(char*, unsigned long, bool)+0x103
V  [libjvm.so+0x91adf9]  os::pd_commit_memory(char*, unsigned long, unsigned long, bool)+0x29
V  [libjvm.so+0x91510a]  os::commit_memory(char*, unsigned long, unsigned long, bool)+0x2a
V  [libjvm.so+0x9887a3]  PSVirtualSpace::expand_by(unsigned long)+0x53
V  [libjvm.so+0x989ba8]  PSYoungGen::resize_generation(unsigned long, unsigned long)+0xf8
V  [libjvm.so+0x988d02]  PSYoungGen::resize(unsigned long, unsigned long)+0x22
V  [libjvm.so+0x985fdb]  PSScavenge::invoke_no_policy()+0xf3b
V  [libjvm.so+0x986761]  PSScavenge::invoke()+0x41
V  [libjvm.so+0x93e500]  ParallelScavengeHeap::failed_mem_allocate(unsigned long)+0x70
V  [libjvm.so+0xabb437]  VM_ParallelGCFailedAllocation::doit()+0x97
V  [libjvm.so+0xac2e65]  VM_Operation::evaluate()+0x55
V  [libjvm.so+0xac123a]  VMThread::evaluate_operation(VM_Operation*)+0xba
V  [libjvm.so+0xac15be]  VMThread::loop()+0x1ce
V  [libjvm.so+0xac1a30]  VMThread::run()+0x70
V  [libjvm.so+0x91cc68]  java_start(Thread*)+0x108

VM_Operation (0x00007f9c415fda90): ParallelGCFailedAllocation, mode: safepoint, requested by thread 0x00007f9c60176800


---------------  P R O C E S S  ---------------

Java Threads: ( => current thread )
  0x00007f9c6017d000 JavaThread "pool-1-thread-4" [_thread_blocked, id=8125, stack(0x00007f9c410fb000,0x00007f9c411fc000)]
  0x00007f9c6017b800 JavaThread "pool-1-thread-3" [_thread_blocked, id=8124, stack(0x00007f9c411fc000,0x00007f9c412fd000)]
  0x00007f9c60131800 JavaThread "pool-1-thread-2" [_thread_blocked, id=8122, stack(0x00007f9c412fd000,0x00007f9c413fe000)]
  0x00007f9c60178800 JavaThread "pool-2-thread-1" [_thread_blocked, id=8114, stack(0x00007f9c413fe000,0x00007f9c414ff000)]
  0x00007f9c60176800 JavaThread "pool-1-thread-1" [_thread_blocked, id=8113, stack(0x00007f9c414ff000,0x00007f9c41600000)]
  0x00007f9c600c2000 JavaThread "Service Thread" daemon [_thread_blocked, id=8091, stack(0x00007f9c41701000,0x00007f9c41802000)]
  0x00007f9c600bd000 JavaThread "C1 CompilerThread2" daemon [_thread_blocked, id=8083, stack(0x00007f9c41802000,0x00007f9c41903000)]
  0x00007f9c600bb800 JavaThread "C2 CompilerThread1" daemon [_thread_blocked, id=8078, stack(0x00007f9c41903000,0x00007f9c41a04000)]
  0x00007f9c600b8800 JavaThread "C2 CompilerThread0" daemon [_thread_blocked, id=8076, stack(0x00007f9c41a04000,0x00007f9c41b05000)]
  0x00007f9c600b7000 JavaThread "Signal Dispatcher" daemon [_thread_blocked, id=8074, stack(0x00007f9c41b05000,0x00007f9c41c06000)]
  0x00007f9c6007f000 JavaThread "Finalizer" daemon [_thread_blocked, id=8067, stack(0x00007f9c500d0000,0x00007f9c501d1000)]
  0x00007f9c6007d000 JavaThread "Reference Handler" daemon [_thread_blocked, id=8064, stack(0x00007f9c501d1000,0x00007f9c502d2000)]
  0x00007f9c6000a000 JavaThread "main" [_thread_blocked, id=8040, stack(0x00007f9c68964000,0x00007f9c68a65000)]

Other Threads:
=>0x00007f9c60078000 VMThread [stack: 0x00007f9c502d2000,0x00007f9c503d3000] [id=8060]
  0x00007f9c600c5000 WatcherThread [stack: 0x00007f9c41600000,0x00007f9c41701000] [id=8092]

VM state:at safepoint (normal execution)

VM Mutex/Monitor currently owned by a thread:  ([mutex/lock_event])
[0x00007f9c600063f0] Threads_lock - owner thread: 0x00007f9c60078000
[0x00007f9c600068f0] Heap_lock - owner thread: 0x00007f9c60176800

Heap:
 PSYoungGen      total 70656K, used 10236K [0x00000000eab00000, 0x00000000efb00000, 0x0000000100000000)
  eden space 60416K, 0% used [0x00000000eab00000,0x00000000eab00000,0x00000000ee600000)
  from space 10240K, 99% used [0x00000000ee600000,0x00000000eefff3c0,0x00000000ef000000)
  to   space 9216K, 0% used [0x00000000ef000000,0x00000000ef000000,0x00000000ef900000)
 ParOldGen       total 40960K, used 18339K [0x00000000c0000000, 0x00000000c2800000, 0x00000000eab00000)
  object space 40960K, 44% used [0x00000000c0000000,0x00000000c11e8c80,0x00000000c2800000)
 Metaspace       used 5971K, capacity 6960K, committed 7040K, reserved 1056768K
  class space    used 592K, capacity 616K, committed 640K, reserved 1048576K

Card table byte_map: [0x00007f9c65532000,0x00007f9c65733000] byte_map_base: 0x00007f9c64f32000

Marking Bits: (ParMarkBitMap*) 0x00007f9c67e42020
 Begin Bits: [0x00007f9c42000000, 0x00007f9c43000000)
 End Bits:   [0x00007f9c43000000, 0x00007f9c44000000)

Polling page: 0x00007f9c68a89000

CodeCache: size=245760Kb used=4768Kb max_used=4786Kb free=240991Kb
 bounds [0x00007f9c51000000, 0x00007f9c514c0000, 0x00007f9c60000000]
 total_blobs=1535 nmethods=1267 adapters=182
 compilation: enabled

Compilation events (10 events):
Event: 5.568 Thread 0x00007f9c600bd000 nmethod 1563% 0x00007f9c514a58d0 code [0x00007f9c514a5be0, 0x00007f9c514a75c8]
Event: 5.568 Thread 0x00007f9c600bd000 1553       3       com.android.dx.util.BitIntSet::merge (148 bytes)
Event: 5.569 Thread 0x00007f9c600bd000 nmethod 1553 0x00007f9c514a83d0 code [0x00007f9c514a8680, 0x00007f9c514a9828]
Event: 5.569 Thread 0x00007f9c600bd000 1564       2       com.android.dx.ssa.back.InterferenceGraph::<init> (42 bytes)
Event: 5.570 Thread 0x00007f9c600bd000 nmethod 1564 0x00007f9c514aa190 code [0x00007f9c514aa340, 0x00007f9c514aa888]
Event: 5.570 Thread 0x00007f9c600bd000 1562       2       com.android.dx.ssa.PhiInsn::predBlocksForReg (73 bytes)
Event: 5.572 Thread 0x00007f9c600b8800 nmethod 1012 0x00007f9c514aac90 code [0x00007f9c514ab100, 0x00007f9c514ada70]
Event: 5.572 Thread 0x00007f9c600b8800 1569       4       com.android.dx.rop.cst.CstBaseMethodRef::compareTo0 (29 bytes)
Event: 5.588 Thread 0x00007f9c600bd000 nmethod 1562 0x00007f9c5149e890 code [0x00007f9c5149ea60, 0x00007f9c5149f038]
Event: 5.588 Thread 0x00007f9c600bd000 1571   !   3       com.android.dx.rop.type.Type::intern (319 bytes)

GC Heap History (10 events):
Event: 1.826 GC heap after
Heap after GC invocations=2 (full 0):
 PSYoungGen      total 17920K, used 2557K [0x00000000eab00000, 0x00000000ece00000, 0x0000000100000000)
  eden space 15360K, 0% used [0x00000000eab00000,0x00000000eab00000,0x00000000eba00000)
  from space 2560K, 99% used [0x00000000ebc80000,0x00000000ebeff420,0x00000000ebf00000)
  to   space 2560K, 0% used [0x00000000eba00000,0x00000000eba00000,0x00000000ebc80000)
 ParOldGen       total 40960K, used 2087K [0x00000000c0000000, 0x00000000c2800000, 0x00000000eab00000)
  object space 40960K, 5% used [0x00000000c0000000,0x00000000c0209c08,0x00000000c2800000)
 Metaspace       used 5696K, capacity 6704K, committed 6784K, reserved 1056768K
  class space    used 589K, capacity 616K, committed 640K, reserved 1048576K
}
Event: 2.619 GC heap before
{Heap before GC invocations=3 (full 0):
 PSYoungGen      total 17920K, used 17917K [0x00000000eab00000, 0x00000000ece00000, 0x0000000100000000)
  eden space 15360K, 100% used [0x00000000eab00000,0x00000000eba00000,0x00000000eba00000)
  from space 2560K, 99% used [0x00000000ebc80000,0x00000000ebeff420,0x00000000ebf00000)
  to   space 2560K, 0% used [0x00000000eba00000,0x00000000eba00000,0x00000000ebc80000)
 ParOldGen       total 40960K, used 2087K [0x00000000c0000000, 0x00000000c2800000, 0x00000000eab00000)
  object space 40960K, 5% used [0x00000000c0000000,0x00000000c0209c08,0x00000000c2800000)
 Metaspace       used 5803K, capacity 6768K, committed 7040K, reserved 1056768K
  class space    used 591K, capacity 616K, committed 640K, reserved 1048576K
Event: 2.672 GC heap after
Heap after GC invocations=3 (full 0):
 PSYoungGen      total 17920K, used 2558K [0x00000000eab00000, 0x00000000ece00000, 0x0000000100000000)
  eden space 15360K, 0% used [0x00000000eab00000,0x00000000eab00000,0x00000000eba00000)
  from space 2560K, 99% used [0x00000000eba00000,0x00000000ebc7f8b0,0x00000000ebc80000)
  to   space 2560K, 0% used [0x00000000ecb80000,0x00000000ecb80000,0x00000000ece00000)
 ParOldGen       total 40960K, used 4977K [0x00000000c0000000, 0x00000000c2800000, 0x00000000eab00000)
  object space 40960K, 12% used [0x00000000c0000000,0x00000000c04dc418,0x00000000c2800000)
 Metaspace       used 5803K, capacity 6768K, committed 7040K, reserved 1056768K
  class space    used 591K, capacity 616K, committed 640K, reserved 1048576K
}
Event: 3.075 GC heap before
{Heap before GC invocations=4 (full 0):
 PSYoungGen      total 17920K, used 17918K [0x00000000eab00000, 0x00000000ece00000, 0x0000000100000000)
  eden space 15360K, 100% used [0x00000000eab00000,0x00000000eba00000,0x00000000eba00000)
  from space 2560K, 99% used [0x00000000eba00000,0x00000000ebc7f8b0,0x00000000ebc80000)
  to   space 2560K, 0% used [0x00000000ecb80000,0x00000000ecb80000,0x00000000ece00000)
 ParOldGen       total 40960K, used 4977K [0x00000000c0000000, 0x00000000c2800000, 0x00000000eab00000)
  object space 40960K, 12% used [0x00000000c0000000,0x00000000c04dc418,0x00000000c2800000)
 Metaspace       used 5837K, capacity 6832K, committed 7040K, reserved 1056768K
  class space    used 591K, capacity 616K, committed 640K, reserved 1048576K
Event: 3.089 GC heap after
Heap after GC invocations=4 (full 0):
 PSYoungGen      total 33280K, used 2559K [0x00000000eab00000, 0x00000000ece00000, 0x0000000100000000)
  eden space 30720K, 0% used [0x00000000eab00000,0x00000000eab00000,0x00000000ec900000)
  from space 2560K, 99% used [0x00000000ecb80000,0x00000000ecdffd40,0x00000000ece00000)
  to   space 2560K, 0% used [0x00000000ec900000,0x00000000ec900000,0x00000000ecb80000)
 ParOldGen       total 40960K, used 7181K [0x00000000c0000000, 0x00000000c2800000, 0x00000000eab00000)
  object space 40960K, 17% used [0x00000000c0000000,0x00000000c07036c8,0x00000000c2800000)
 Metaspace       used 5837K, capacity 6832K, committed 7040K, reserved 1056768K
  class space    used 591K, capacity 616K, committed 640K, reserved 1048576K
}
Event: 3.827 GC heap before
{Heap before GC invocations=5 (full 0):
 PSYoungGen      total 33280K, used 33279K [0x00000000eab00000, 0x00000000ece00000, 0x0000000100000000)
  eden space 30720K, 100% used [0x00000000eab00000,0x00000000ec900000,0x00000000ec900000)
  from space 2560K, 99% used [0x00000000ecb80000,0x00000000ecdffd40,0x00000000ece00000)
  to   space 2560K, 0% used [0x00000000ec900000,0x00000000ec900000,0x00000000ecb80000)
 ParOldGen       total 40960K, used 7181K [0x00000000c0000000, 0x00000000c2800000, 0x00000000eab00000)
  object space 40960K, 17% used [0x00000000c0000000,0x00000000c07036c8,0x00000000c2800000)
 Metaspace       used 5864K, capacity 6832K, committed 7040K, reserved 1056768K
  class space    used 592K, capacity 616K, committed 640K, reserved 1048576K
Event: 3.875 GC heap after
Heap after GC invocations=5 (full 0):
 PSYoungGen      total 33280K, used 2559K [0x00000000eab00000, 0x00000000ef900000, 0x0000000100000000)
  eden space 30720K, 0% used [0x00000000eab00000,0x00000000eab00000,0x00000000ec900000)
  from space 2560K, 99% used [0x00000000ec900000,0x00000000ecb7fd30,0x00000000ecb80000)
  to   space 9216K, 0% used [0x00000000ef000000,0x00000000ef000000,0x00000000ef900000)
 ParOldGen       total 40960K, used 12437K [0x00000000c0000000, 0x00000000c2800000, 0x00000000eab00000)
  object space 40960K, 30% used [0x00000000c0000000,0x00000000c0c257d0,0x00000000c2800000)
 Metaspace       used 5864K, capacity 6832K, committed 7040K, reserved 1056768K
  class space    used 592K, capacity 616K, committed 640K, reserved 1048576K
}
Event: 4.555 GC heap before
{Heap before GC invocations=6 (full 0):
 PSYoungGen      total 33280K, used 33279K [0x00000000eab00000, 0x00000000ef900000, 0x0000000100000000)
  eden space 30720K, 100% used [0x00000000eab00000,0x00000000ec900000,0x00000000ec900000)
  from space 2560K, 99% used [0x00000000ec900000,0x00000000ecb7fd30,0x00000000ecb80000)
  to   space 9216K, 0% used [0x00000000ef000000,0x00000000ef000000,0x00000000ef900000)
 ParOldGen       total 40960K, used 12437K [0x00000000c0000000, 0x00000000c2800000, 0x00000000eab00000)
  object space 40960K, 30% used [0x00000000c0000000,0x00000000c0c257d0,0x00000000c2800000)
 Metaspace       used 5887K, capacity 6896K, committed 7040K, reserved 1056768K
  class space    used 592K, capacity 616K, committed 640K, reserved 1048576K
Event: 4.617 GC heap after
Heap after GC invocations=6 (full 0):
 PSYoungGen      total 69632K, used 7588K [0x00000000eab00000, 0x00000000efb00000, 0x0000000100000000)
  eden space 60416K, 0% used [0x00000000eab00000,0x00000000eab00000,0x00000000ee600000)
  from space 9216K, 82% used [0x00000000ef000000,0x00000000ef7692f8,0x00000000ef900000)
  to   space 10240K, 0% used [0x00000000ee600000,0x00000000ee600000,0x00000000ef000000)
 ParOldGen       total 40960K, used 12437K [0x00000000c0000000, 0x00000000c2800000, 0x00000000eab00000)
  object space 40960K, 30% used [0x00000000c0000000,0x00000000c0c257d0,0x00000000c2800000)
 Metaspace       used 5887K, capacity 6896K, committed 7040K, reserved 1056768K
  class space    used 592K, capacity 616K, committed 640K, reserved 1048576K
}
Event: 5.772 GC heap before
{Heap before GC invocations=7 (full 0):
 PSYoungGen      total 69632K, used 68004K [0x00000000eab00000, 0x00000000efb00000, 0x0000000100000000)
  eden space 60416K, 100% used [0x00000000eab00000,0x00000000ee600000,0x00000000ee600000)
  from space 9216K, 82% used [0x00000000ef000000,0x00000000ef7692f8,0x00000000ef900000)
  to   space 10240K, 0% used [0x00000000ee600000,0x00000000ee600000,0x00000000ef000000)
 ParOldGen       total 40960K, used 12437K [0x00000000c0000000, 0x00000000c2800000, 0x00000000eab00000)
  object space 40960K, 30% used [0x00000000c0000000,0x00000000c0c257d0,0x00000000c2800000)
 Metaspace       used 5971K, capacity 6960K, committed 7040K, reserved 1056768K
  class space    used 592K, capacity 616K, committed 640K, reserved 1048576K

Deoptimization events (10 events):
Event: 2.341 Thread 0x00007f9c6017d000 Uncommon trap: reason=class_check action=maybe_recompile pc=0x00007f9c51288f48 method=com.android.dx.rop.type.Type.equals(Ljava/lang/Object;)Z @ 8
Event: 2.711 Thread 0x00007f9c6000a000 Uncommon trap: reason=unstable_if action=reinterpret pc=0x00007f9c5128df10 method=com.android.dx.rop.code.RegisterSpecSet.put(Lcom/android/dx/rop/code/RegisterSpec;)V @ 77
Event: 2.711 Thread 0x00007f9c6000a000 Uncommon trap: reason=unstable_if action=reinterpret pc=0x00007f9c5129a780 method=com.android.dx.rop.code.RegisterSpecSet.put(Lcom/android/dx/rop/code/RegisterSpec;)V @ 77
Event: 3.112 Thread 0x00007f9c6017b800 Uncommon trap: reason=unstable_if action=reinterpret pc=0x00007f9c5121e29c method=com.android.dx.rop.cst.Constant.compareTo(Lcom/android/dx/rop/cst/Constant;)I @ 12
Event: 3.280 Thread 0x00007f9c60176800 Uncommon trap: reason=bimorphic action=maybe_recompile pc=0x00007f9c5123d0a8 method=java.util.HashMap.getNode(ILjava/lang/Object;)Ljava/util/HashMap$Node; @ 126
Event: 3.280 Thread 0x00007f9c60176800 Uncommon trap: reason=bimorphic action=maybe_recompile pc=0x00007f9c5123d0a8 method=java.util.HashMap.getNode(ILjava/lang/Object;)Ljava/util/HashMap$Node; @ 126
Event: 3.280 Thread 0x00007f9c60176800 Uncommon trap: reason=bimorphic action=maybe_recompile pc=0x00007f9c5123d0a8 method=java.util.HashMap.getNode(ILjava/lang/Object;)Ljava/util/HashMap$Node; @ 126
Event: 3.280 Thread 0x00007f9c60176800 Uncommon trap: reason=bimorphic action=maybe_recompile pc=0x00007f9c5123d0a8 method=java.util.HashMap.getNode(ILjava/lang/Object;)Ljava/util/HashMap$Node; @ 126
Event: 3.280 Thread 0x00007f9c60176800 Uncommon trap: reason=bimorphic action=maybe_recompile pc=0x00007f9c512066ec method=java.util.HashMap.getNode(ILjava/lang/Object;)Ljava/util/HashMap$Node; @ 126
Event: 4.780 Thread 0x00007f9c60131800 Uncommon trap: reason=unstable_if action=reinterpret pc=0x00007f9c51373444 method=com.android.dx.util.IntList.binarysearch(I)I @ 105

Internal exceptions (2 events):
Event: 0.091 Thread 0x00007f9c6000a000 Exception <a 'java/lang/NoSuchMethodError': Method sun.misc.Unsafe.defineClass(Ljava/lang/String;[BII)Ljava/lang/Class; name or signature does not match> (0x00000000eab12b98) thrown at [/HUDSON/workspace/8-2-build-linux-amd64/jdk8u66/4988/hotspot/src/shar
Event: 0.091 Thread 0x00007f9c6000a000 Exception <a 'java/lang/NoSuchMethodError': Method sun.misc.Unsafe.prefetchRead(Ljava/lang/Object;J)V name or signature does not match> (0x00000000eab12e80) thrown at [/HUDSON/workspace/8-2-build-linux-amd64/jdk8u66/4988/hotspot/src/share/vm/prims/jni.cpp

Events (10 events):
Event: 5.169 Thread 0x00007f9c6017d000 DEOPT UNPACKING pc=0x00007f9c51047633 sp=0x00007f9c411f9f30 mode 0
Event: 5.311 Thread 0x00007f9c6017b800 DEOPT PACKING pc=0x00007f9c51345390 sp=0x00007f9c412faef0
Event: 5.311 Thread 0x00007f9c6017b800 DEOPT UNPACKING pc=0x00007f9c51047633 sp=0x00007f9c412fac20 mode 0
Event: 5.343 Thread 0x00007f9c6017d000 DEOPT PACKING pc=0x00007f9c512f4fb7 sp=0x00007f9c411fa100
Event: 5.343 Thread 0x00007f9c6017d000 DEOPT UNPACKING pc=0x00007f9c51047633 sp=0x00007f9c411f9e90 mode 0
Event: 5.395 Thread 0x00007f9c6017b800 DEOPT PACKING pc=0x00007f9c5136a750 sp=0x00007f9c412facd0
Event: 5.395 Thread 0x00007f9c6017b800 DEOPT UNPACKING pc=0x00007f9c51047633 sp=0x00007f9c412faa10 mode 0
Event: 5.629 Thread 0x00007f9c6000a000 DEOPT PACKING pc=0x00007f9c5138246c sp=0x00007f9c68a629b0
Event: 5.643 Thread 0x00007f9c6000a000 DEOPT UNPACKING pc=0x00007f9c51047633 sp=0x00007f9c68a626c0 mode 0
Event: 5.728 Executing VM operation: ParallelGCFailedAllocation


Dynamic libraries:
00400000-00401000 r-xp 00000000 08:03 2505132                            /usr/lib/jvm/java-8-oracle/bin/java
00600000-00601000 rw-p 00000000 08:03 2505132                            /usr/lib/jvm/java-8-oracle/bin/java
0251d000-0253e000 rw-p 00000000 00:00 0                                  [heap]
c0000000-c2800000 rw-p 00000000 00:00 0 
c2800000-eab00000 ---p 00000000 00:00 0 
eab00000-efb00000 rw-p 00000000 00:00 0 
f3e00000-100000000 ---p 00000000 00:00 0 
100000000-1000a0000 rw-p 00000000 00:00 0 
1000a0000-140000000 ---p 00000000 00:00 0 
7f9c04000000-7f9c04021000 rw-p 00000000 00:00 0 
7f9c04021000-7f9c08000000 ---p 00000000 00:00 0 
7f9c08000000-7f9c08021000 rw-p 00000000 00:00 0 
7f9c08021000-7f9c0c000000 ---p 00000000 00:00 0 
7f9c0c000000-7f9c0c021000 rw-p 00000000 00:00 0 
7f9c0c021000-7f9c10000000 ---p 00000000 00:00 0 
7f9c10000000-7f9c10021000 rw-p 00000000 00:00 0 
7f9c10021000-7f9c14000000 ---p 00000000 00:00 0 
7f9c14000000-7f9c14021000 rw-p 00000000 00:00 0 
7f9c14021000-7f9c18000000 ---p 00000000 00:00 0 
7f9c18000000-7f9c1802e000 rw-p 00000000 00:00 0 
7f9c1802e000-7f9c1c000000 ---p 00000000 00:00 0 
7f9c1c000000-7f9c1c5bf000 rw-p 00000000 00:00 0 
7f9c1c5bf000-7f9c20000000 ---p 00000000 00:00 0 
7f9c20000000-7f9c20021000 rw-p 00000000 00:00 0 
7f9c20021000-7f9c24000000 ---p 00000000 00:00 0 
7f9c24000000-7f9c245eb000 rw-p 00000000 00:00 0 
7f9c245eb000-7f9c28000000 ---p 00000000 00:00 0 
7f9c28000000-7f9c283c2000 rw-p 00000000 00:00 0 
7f9c283c2000-7f9c2c000000 ---p 00000000 00:00 0 
7f9c2c000000-7f9c2c021000 rw-p 00000000 00:00 0 
7f9c2c021000-7f9c30000000 ---p 00000000 00:00 0 
7f9c30000000-7f9c30021000 rw-p 00000000 00:00 0 
7f9c30021000-7f9c34000000 ---p 00000000 00:00 0 
7f9c34000000-7f9c3428c000 rw-p 00000000 00:00 0 
7f9c3428c000-7f9c38000000 ---p 00000000 00:00 0 
7f9c38000000-7f9c38021000 rw-p 00000000 00:00 0 
7f9c38021000-7f9c3c000000 ---p 00000000 00:00 0 
7f9c3c000000-7f9c3c021000 rw-p 00000000 00:00 0 
7f9c3c021000-7f9c40000000 ---p 00000000 00:00 0 
7f9c410fb000-7f9c410fe000 ---p 00000000 00:00 0 
7f9c410fe000-7f9c411fc000 rw-p 00000000 00:00 0                          [stack:8125]
7f9c411fc000-7f9c411ff000 ---p 00000000 00:00 0 
7f9c411ff000-7f9c412fd000 rw-p 00000000 00:00 0                          [stack:8124]
7f9c412fd000-7f9c41300000 ---p 00000000 00:00 0 
7f9c41300000-7f9c413fe000 rw-p 00000000 00:00 0                          [stack:8122]
7f9c413fe000-7f9c41401000 ---p 00000000 00:00 0 
7f9c41401000-7f9c414ff000 rw-p 00000000 00:00 0                          [stack:8114]
7f9c414ff000-7f9c41502000 ---p 00000000 00:00 0 
7f9c41502000-7f9c41600000 rw-p 00000000 00:00 0                          [stack:8113]
7f9c41600000-7f9c41601000 ---p 00000000 00:00 0 
7f9c41601000-7f9c41701000 rw-p 00000000 00:00 0                          [stack:8092]
7f9c41701000-7f9c41704000 ---p 00000000 00:00 0 
7f9c41704000-7f9c41802000 rw-p 00000000 00:00 0                          [stack:8091]
7f9c41802000-7f9c41805000 ---p 00000000 00:00 0 
7f9c41805000-7f9c41903000 rw-p 00000000 00:00 0                          [stack:8083]
7f9c41903000-7f9c41906000 ---p 00000000 00:00 0 
7f9c41906000-7f9c41a04000 rw-p 00000000 00:00 0                          [stack:8078]
7f9c41a04000-7f9c41a07000 ---p 00000000 00:00 0 
7f9c41a07000-7f9c41b05000 rw-p 00000000 00:00 0                          [stack:8076]
7f9c41b05000-7f9c41b08000 ---p 00000000 00:00 0 
7f9c41b08000-7f9c41c06000 rw-p 00000000 00:00 0                          [stack:8074]
7f9c41c06000-7f9c42000000 r--p 00000000 08:03 2502952                    /usr/lib/locale/locale-archive
7f9c42000000-7f9c44000000 rw-p 00000000 00:00 0 
7f9c44000000-7f9c44021000 rw-p 00000000 00:00 0 
7f9c44021000-7f9c48000000 ---p 00000000 00:00 0 
7f9c48000000-7f9c48021000 rw-p 00000000 00:00 0 
7f9c48021000-7f9c4c000000 ---p 00000000 00:00 0 
7f9c4c000000-7f9c4c021000 rw-p 00000000 00:00 0 
7f9c4c021000-7f9c50000000 ---p 00000000 00:00 0 
7f9c500ac000-7f9c500c1000 r--s 000e5000 08:03 461267                     /home/abel/Escritorio/Radikap/raddapp-GoHomeImplementation/app/build/intermediates/exploded-aar/com.android.support/support-v4/23.1.1/jars/classes.jar
7f9c500c1000-7f9c500d0000 r--s 000df000 08:03 1594811                    /home/abel/Android/Sdk/build-tools/23.0.2/lib/dx.jar
7f9c500d0000-7f9c500d3000 ---p 00000000 00:00 0 
7f9c500d3000-7f9c501d1000 rw-p 00000000 00:00 0                          [stack:8067]
7f9c501d1000-7f9c501d4000 ---p 00000000 00:00 0 
7f9c501d4000-7f9c502d2000 rw-p 00000000 00:00 0                          [stack:8064]
7f9c502d2000-7f9c502d3000 ---p 00000000 00:00 0 
7f9c502d3000-7f9c51000000 rw-p 00000000 00:00 0                          [stack:8060]
7f9c51000000-7f9c514c0000 rwxp 00000000 00:00 0 
7f9c514c0000-7f9c60000000 ---p 00000000 00:00 0 
7f9c60000000-7f9c603b0000 rw-p 00000000 00:00 0 
7f9c603b0000-7f9c64000000 ---p 00000000 00:00 0 
7f9c64002000-7f9c64389000 rw-p 00000000 00:00 0 
7f9c64389000-7f9c64562000 r--s 03d20000 08:03 2514028                    /usr/lib/jvm/java-8-oracle/jre/lib/rt.jar
7f9c64562000-7f9c64c18000 rw-p 00000000 00:00 0 
7f9c64c18000-7f9c64dd8000 ---p 00000000 00:00 0 
7f9c64dd8000-7f9c64fd8000 rw-p 00000000 00:00 0 
7f9c64fd8000-7f9c64fd9000 ---p 00000000 00:00 0 
7f9c64fd9000-7f9c650d9000 rw-p 00000000 00:00 0                          [stack:8059]
7f9c650d9000-7f9c650da000 ---p 00000000 00:00 0 
7f9c650da000-7f9c651da000 rw-p 00000000 00:00 0                          [stack:8058]
7f9c651da000-7f9c651db000 ---p 00000000 00:00 0 
7f9c651db000-7f9c652db000 rw-p 00000000 00:00 0                          [stack:8057]
7f9c652db000-7f9c652dc000 ---p 00000000 00:00 0 
7f9c652dc000-7f9c653f0000 rw-p 00000000 00:00 0                          [stack:8044]
7f9c653f0000-7f9c65532000 ---p 00000000 00:00 0 
7f9c65532000-7f9c65546000 rw-p 00000000 00:00 0 
7f9c65546000-7f9c65687000 ---p 00000000 00:00 0 
7f9c65687000-7f9c656b0000 rw-p 00000000 00:00 0 
7f9c656b0000-7f9c65732000 ---p 00000000 00:00 0 
7f9c65732000-7f9c65746000 rw-p 00000000 00:00 0 
7f9c65746000-7f9c65af3000 ---p 00000000 00:00 0 
7f9c65af3000-7f9c65b0d000 r-xp 00000000 08:03 2514053                    /usr/lib/jvm/java-8-oracle/jre/lib/amd64/libzip.so
7f9c65b0d000-7f9c65d0d000 ---p 0001a000 08:03 2514053                    /usr/lib/jvm/java-8-oracle/jre/lib/amd64/libzip.so
7f9c65d0d000-7f9c65d0e000 rw-p 0001a000 08:03 2514053                    /usr/lib/jvm/java-8-oracle/jre/lib/amd64/libzip.so
7f9c65d0e000-7f9c65d19000 r-xp 00000000 08:03 526302                     /lib/x86_64-linux-gnu/libnss_files-2.19.so
7f9c65d19000-7f9c65f18000 ---p 0000b000 08:03 526302                     /lib/x86_64-linux-gnu/libnss_files-2.19.so
7f9c65f18000-7f9c65f19000 r--p 0000a000 08:03 526302                     /lib/x86_64-linux-gnu/libnss_files-2.19.so
7f9c65f19000-7f9c65f1a000 rw-p 0000b000 08:03 526302                     /lib/x86_64-linux-gnu/libnss_files-2.19.so
7f9c65f1a000-7f9c65f25000 r-xp 00000000 08:03 526366                     /lib/x86_64-linux-gnu/libnss_nis-2.19.so
7f9c65f25000-7f9c66124000 ---p 0000b000 08:03 526366                     /lib/x86_64-linux-gnu/libnss_nis-2.19.so
7f9c66124000-7f9c66125000 r--p 0000a000 08:03 526366                     /lib/x86_64-linux-gnu/libnss_nis-2.19.so
7f9c66125000-7f9c66126000 rw-p 0000b000 08:03 526366                     /lib/x86_64-linux-gnu/libnss_nis-2.19.so
7f9c66126000-7f9c6613d000 r-xp 00000000 08:03 526324                     /lib/x86_64-linux-gnu/libnsl-2.19.so
7f9c6613d000-7f9c6633c000 ---p 00017000 08:03 526324                     /lib/x86_64-linux-gnu/libnsl-2.19.so
7f9c6633c000-7f9c6633d000 r--p 00016000 08:03 526324                     /lib/x86_64-linux-gnu/libnsl-2.19.so
7f9c6633d000-7f9c6633e000 rw-p 00017000 08:03 526324                     /lib/x86_64-linux-gnu/libnsl-2.19.so
7f9c6633e000-7f9c66340000 rw-p 00000000 00:00 0 
7f9c66340000-7f9c66349000 r-xp 00000000 08:03 526323                     /lib/x86_64-linux-gnu/libnss_compat-2.19.so
7f9c66349000-7f9c66548000 ---p 00009000 08:03 526323                     /lib/x86_64-linux-gnu/libnss_compat-2.19.so
7f9c66548000-7f9c66549000 r--p 00008000 08:03 526323                     /lib/x86_64-linux-gnu/libnss_compat-2.19.so
7f9c66549000-7f9c6654a000 rw-p 00009000 08:03 526323                     /lib/x86_64-linux-gnu/libnss_compat-2.19.so
7f9c6654a000-7f9c66574000 r-xp 00000000 08:03 2514038                    /usr/lib/jvm/java-8-oracle/jre/lib/amd64/libjava.so
7f9c66574000-7f9c66774000 ---p 0002a000 08:03 2514038                    /usr/lib/jvm/java-8-oracle/jre/lib/amd64/libjava.so
7f9c66774000-7f9c66776000 rw-p 0002a000 08:03 2514038                    /usr/lib/jvm/java-8-oracle/jre/lib/amd64/libjava.so
7f9c66776000-7f9c66783000 r-xp 00000000 08:03 2514089                    /usr/lib/jvm/java-8-oracle/jre/lib/amd64/libverify.so
7f9c66783000-7f9c66983000 ---p 0000d000 08:03 2514089                    /usr/lib/jvm/java-8-oracle/jre/lib/amd64/libverify.so
7f9c66983000-7f9c66985000 rw-p 0000d000 08:03 2514089                    /usr/lib/jvm/java-8-oracle/jre/lib/amd64/libverify.so
7f9c66985000-7f9c6698c000 r-xp 00000000 08:03 526363                     /lib/x86_64-linux-gnu/librt-2.19.so
7f9c6698c000-7f9c66b8b000 ---p 00007000 08:03 526363                     /lib/x86_64-linux-gnu/librt-2.19.so
7f9c66b8b000-7f9c66b8c000 r--p 00006000 08:03 526363                     /lib/x86_64-linux-gnu/librt-2.19.so
7f9c66b8c000-7f9c66b8d000 rw-p 00007000 08:03 526363                     /lib/x86_64-linux-gnu/librt-2.19.so
7f9c66b8d000-7f9c66c92000 r-xp 00000000 08:03 526301                     /lib/x86_64-linux-gnu/libm-2.19.so
7f9c66c92000-7f9c66e91000 ---p 00105000 08:03 526301                     /lib/x86_64-linux-gnu/libm-2.19.so
7f9c66e91000-7f9c66e92000 r--p 00104000 08:03 526301                     /lib/x86_64-linux-gnu/libm-2.19.so
7f9c66e92000-7f9c66e93000 rw-p 00105000 08:03 526301                     /lib/x86_64-linux-gnu/libm-2.19.so
7f9c66e93000-7f9c67b51000 r-xp 00000000 08:03 2514058                    /usr/lib/jvm/java-8-oracle/jre/lib/amd64/server/libjvm.so
7f9c67b51000-7f9c67d50000 ---p 00cbe000 08:03 2514058                    /usr/lib/jvm/java-8-oracle/jre/lib/amd64/server/libjvm.so
7f9c67d50000-7f9c67e29000 rw-p 00cbd000 08:03 2514058                    /usr/lib/jvm/java-8-oracle/jre/lib/amd64/server/libjvm.so
7f9c67e29000-7f9c67e6d000 rw-p 00000000 00:00 0 
7f9c67e6d000-7f9c68028000 r-xp 00000000 08:03 526352                     /lib/x86_64-linux-gnu/libc-2.19.so
7f9c68028000-7f9c68227000 ---p 001bb000 08:03 526352                     /lib/x86_64-linux-gnu/libc-2.19.so
7f9c68227000-7f9c6822b000 r--p 001ba000 08:03 526352                     /lib/x86_64-linux-gnu/libc-2.19.so
7f9c6822b000-7f9c6822d000 rw-p 001be000 08:03 526352                     /lib/x86_64-linux-gnu/libc-2.19.so
7f9c6822d000-7f9c68232000 rw-p 00000000 00:00 0 
7f9c68232000-7f9c68235000 r-xp 00000000 08:03 526305                     /lib/x86_64-linux-gnu/libdl-2.19.so
7f9c68235000-7f9c68434000 ---p 00003000 08:03 526305                     /lib/x86_64-linux-gnu/libdl-2.19.so
7f9c68434000-7f9c68435000 r--p 00002000 08:03 526305                     /lib/x86_64-linux-gnu/libdl-2.19.so
7f9c68435000-7f9c68436000 rw-p 00003000 08:03 526305                     /lib/x86_64-linux-gnu/libdl-2.19.so
7f9c68436000-7f9c6844b000 r-xp 00000000 08:03 2770900                    /usr/lib/jvm/java-8-oracle/lib/amd64/jli/libjli.so
7f9c6844b000-7f9c6864b000 ---p 00015000 08:03 2770900                    /usr/lib/jvm/java-8-oracle/lib/amd64/jli/libjli.so
7f9c6864b000-7f9c6864c000 rw-p 00015000 08:03 2770900                    /usr/lib/jvm/java-8-oracle/lib/amd64/jli/libjli.so
7f9c6864c000-7f9c68665000 r-xp 00000000 08:03 526353                     /lib/x86_64-linux-gnu/libpthread-2.19.so
7f9c68665000-7f9c68864000 ---p 00019000 08:03 526353                     /lib/x86_64-linux-gnu/libpthread-2.19.so
7f9c68864000-7f9c68865000 r--p 00018000 08:03 526353                     /lib/x86_64-linux-gnu/libpthread-2.19.so
7f9c68865000-7f9c68866000 rw-p 00019000 08:03 526353                     /lib/x86_64-linux-gnu/libpthread-2.19.so
7f9c68866000-7f9c6886a000 rw-p 00000000 00:00 0 
7f9c6886a000-7f9c6888d000 r-xp 00000000 08:03 526328                     /lib/x86_64-linux-gnu/ld-2.19.so
7f9c68892000-7f9c68964000 rw-p 00000000 00:00 0 
7f9c68964000-7f9c68967000 ---p 00000000 00:00 0 
7f9c68967000-7f9c68a69000 rw-p 00000000 00:00 0                          [stack:8040]
7f9c68a6b000-7f9c68a80000 rw-p 00000000 00:00 0 
7f9c68a80000-7f9c68a88000 rw-s 00000000 08:03 1721381                    /tmp/hsperfdata_abel/8025
7f9c68a88000-7f9c68a89000 rw-p 00000000 00:00 0 
7f9c68a89000-7f9c68a8a000 ---p 00000000 00:00 0 
7f9c68a8a000-7f9c68a8c000 rw-p 00000000 00:00 0 
7f9c68a8c000-7f9c68a8d000 r--p 00022000 08:03 526328                     /lib/x86_64-linux-gnu/ld-2.19.so
7f9c68a8d000-7f9c68a8e000 rw-p 00023000 08:03 526328                     /lib/x86_64-linux-gnu/ld-2.19.so
7f9c68a8e000-7f9c68a8f000 rw-p 00000000 00:00 0 
7fffe68d6000-7fffe68f7000 rw-p 00000000 00:00 0                          [stack]
7fffe69fa000-7fffe69fc000 r-xp 00000000 00:00 0                          [vdso]
ffffffffff600000-ffffffffff601000 r-xp 00000000 00:00 0                  [vsyscall]

VM Arguments:
jvm_args: -Xmx1024M -Dfile.encoding=UTF-8 -Duser.country=MX -Duser.language=es -Duser.variant 
java_command: com.android.dx.command.Main --dex --num-threads=4 --output /home/abel/Escritorio/Radikap/raddapp-GoHomeImplementation/app/build/intermediates/pre-dexed/debug/classes-8b9a827830dd6a8b80959dea88acc13f0e461c30.jar /home/abel/Escritorio/Radikap/raddapp-GoHomeImplementation/app/build/intermediates/exploded-aar/com.android.support/support-v4/23.1.1/jars/classes.jar
java_class_path (initial): /home/abel/Android/Sdk/build-tools/23.0.2/lib/dx.jar
Launcher Type: SUN_STANDARD

Environment Variables:
PATH=/usr/local/sbin:/usr/local/bin:/usr/sbin:/usr/bin:/sbin:/bin:/usr/games:/usr/local/games:/home/abel/jdk1.8.0_65/jre/bin:/home/abel/jdk1.8.0_65/bin
USERNAME=abel
LD_LIBRARY_PATH=.:
SHELL=/bin/bash
DISPLAY=:0.0

Signal Handlers:
SIGSEGV: [libjvm.so+0xaba2a0], sa_mask[0]=11111111011111111101111111111110, sa_flags=SA_RESTART|SA_SIGINFO
SIGBUS: [libjvm.so+0xaba2a0], sa_mask[0]=11111111011111111101111111111110, sa_flags=SA_RESTART|SA_SIGINFO
SIGFPE: [libjvm.so+0x917710], sa_mask[0]=11111111011111111101111111111110, sa_flags=SA_RESTART|SA_SIGINFO
SIGPIPE: [libjvm.so+0x917710], sa_mask[0]=11111111011111111101111111111110, sa_flags=SA_RESTART|SA_SIGINFO
SIGXFSZ: [libjvm.so+0x917710], sa_mask[0]=11111111011111111101111111111110, sa_flags=SA_RESTART|SA_SIGINFO
SIGILL: [libjvm.so+0x917710], sa_mask[0]=11111111011111111101111111111110, sa_flags=SA_RESTART|SA_SIGINFO
SIGUSR1: SIG_DFL, sa_mask[0]=00000000000000000000000000000000, sa_flags=none
SIGUSR2: [libjvm.so+0x918d40], sa_mask[0]=00100000000000000000000000000000, sa_flags=SA_RESTART|SA_SIGINFO
SIGHUP: [libjvm.so+0x91a140], sa_mask[0]=11111111011111111101111111111110, sa_flags=SA_RESTART|SA_SIGINFO
SIGINT: [libjvm.so+0x91a140], sa_mask[0]=11111111011111111101111111111110, sa_flags=SA_RESTART|SA_SIGINFO
SIGTERM: [libjvm.so+0x91a140], sa_mask[0]=11111111011111111101111111111110, sa_flags=SA_RESTART|SA_SIGINFO
SIGQUIT: [libjvm.so+0x91a140], sa_mask[0]=11111111011111111101111111111110, sa_flags=SA_RESTART|SA_SIGINFO


---------------  S Y S T E M  ---------------

OS:DISTRIB_ID=LinuxMint
DISTRIB_RELEASE=17.1
DISTRIB_CODENAME=rebecca
DISTRIB_DESCRIPTION="Linux Mint 17.1 Rebecca"

uname:Linux 3.13.0-37-generic #64-Ubuntu SMP Mon Sep 22 21:28:38 UTC 2014 x86_64
libc:glibc 2.19 NPTL 2.19 
rlimit: STACK 8192k, CORE 0k, NPROC 30418, NOFILE 4096, AS infinity
load average:6.76 2.67 1.20

/proc/meminfo:
MemTotal:        3924736 kB
MemFree:           88892 kB
Buffers:             388 kB
Cached:           302144 kB
SwapCached:            0 kB
Active:          3370480 kB
Inactive:         295164 kB
Active(anon):    3368872 kB
Inactive(anon):   278976 kB
Active(file):       1608 kB
Inactive(file):    16188 kB
Unevictable:           0 kB
Mlocked:               0 kB
SwapTotal:             0 kB
SwapFree:              0 kB
Dirty:                 0 kB
Writeback:            56 kB
AnonPages:       3364780 kB
Mapped:           107264 kB
Shmem:            283040 kB
Slab:              63960 kB
SReclaimable:      28896 kB
SUnreclaim:        35064 kB
KernelStack:        5608 kB
PageTables:        36260 kB
NFS_Unstable:          0 kB
Bounce:                0 kB
WritebackTmp:          0 kB
CommitLimit:     1962368 kB
Committed_AS:    6818368 kB
VmallocTotal:   34359738367 kB
VmallocUsed:      346700 kB
VmallocChunk:   34359383516 kB
HardwareCorrupted:     0 kB
AnonHugePages:    937984 kB
HugePages_Total:       0
HugePages_Free:        0
HugePages_Rsvd:        0
HugePages_Surp:        0
Hugepagesize:       2048 kB
DirectMap4k:       81360 kB
DirectMap2M:     3991552 kB


CPU:total 4 (2 cores per cpu, 2 threads per core) family 6 model 42 stepping 7, cmov, cx8, fxsr, mmx, sse, sse2, sse3, ssse3, sse4.1, sse4.2, popcnt, avx, aes, clmul, ht, tsc, tscinvbit

/proc/cpuinfo:
processor	: 0
vendor_id	: GenuineIntel
cpu family	: 6
model		: 42
model name	: Intel(R) Core(TM) i5-2520M CPU @ 2.50GHz
stepping	: 7
microcode	: 0x23
cpu MHz		: 2501.000
cache size	: 3072 KB
physical id	: 0
siblings	: 4
core id		: 0
cpu cores	: 2
apicid		: 0
initial apicid	: 0
fpu		: yes
fpu_exception	: yes
cpuid level	: 13
wp		: yes
flags		: fpu vme de pse tsc msr pae mce cx8 apic sep mtrr pge mca cmov pat pse36 clflush dts acpi mmx fxsr sse sse2 ss ht tm pbe syscall nx rdtscp lm constant_tsc arch_perfmon pebs bts rep_good nopl xtopology nonstop_tsc aperfmperf eagerfpu pni pclmulqdq dtes64 monitor ds_cpl vmx smx est tm2 ssse3 cx16 xtpr pdcm pcid sse4_1 sse4_2 x2apic popcnt tsc_deadline_timer aes xsave avx lahf_lm ida arat epb xsaveopt pln pts dtherm tpr_shadow vnmi flexpriority ept vpid
bogomips	: 4988.64
clflush size	: 64
cache_alignment	: 64
address sizes	: 36 bits physical, 48 bits virtual
power management:

processor	: 1
vendor_id	: GenuineIntel
cpu family	: 6
model		: 42
model name	: Intel(R) Core(TM) i5-2520M CPU @ 2.50GHz
stepping	: 7
microcode	: 0x23
cpu MHz		: 2501.000
cache size	: 3072 KB
physical id	: 0
siblings	: 4
core id		: 1
cpu cores	: 2
apicid		: 2
initial apicid	: 2
fpu		: yes
fpu_exception	: yes
cpuid level	: 13
wp		: yes
flags		: fpu vme de pse tsc msr pae mce cx8 apic sep mtrr pge mca cmov pat pse36 clflush dts acpi mmx fxsr sse sse2 ss ht tm pbe syscall nx rdtscp lm constant_tsc arch_perfmon pebs bts rep_good nopl xtopology nonstop_tsc aperfmperf eagerfpu pni pclmulqdq dtes64 monitor ds_cpl vmx smx est tm2 ssse3 cx16 xtpr pdcm pcid sse4_1 sse4_2 x2apic popcnt tsc_deadline_timer aes xsave avx lahf_lm ida arat epb xsaveopt pln pts dtherm tpr_shadow vnmi flexpriority ept vpid
bogomips	: 4988.64
clflush size	: 64
cache_alignment	: 64
address sizes	: 36 bits physical, 48 bits virtual
power management:

processor	: 2
vendor_id	: GenuineIntel
cpu family	: 6
model		: 42
model name	: Intel(R) Core(TM) i5-2520M CPU @ 2.50GHz
stepping	: 7
microcode	: 0x23
cpu MHz		: 2501.000
cache size	: 3072 KB
physical id	: 0
siblings	: 4
core id		: 0
cpu cores	: 2
apicid		: 1
initial apicid	: 1
fpu		: yes
fpu_exception	: yes
cpuid level	: 13
wp		: yes
flags		: fpu vme de pse tsc msr pae mce cx8 apic sep mtrr pge mca cmov pat pse36 clflush dts acpi mmx fxsr sse sse2 ss ht tm pbe syscall nx rdtscp lm constant_tsc arch_perfmon pebs bts rep_good nopl xtopology nonstop_tsc aperfmperf eagerfpu pni pclmulqdq dtes64 monitor ds_cpl vmx smx est tm2 ssse3 cx16 xtpr pdcm pcid sse4_1 sse4_2 x2apic popcnt tsc_deadline_timer aes xsave avx lahf_lm ida arat epb xsaveopt pln pts dtherm tpr_shadow vnmi flexpriority ept vpid
bogomips	: 4988.64
clflush size	: 64
cache_alignment	: 64
address sizes	: 36 bits physical, 48 bits virtual
power management:

processor	: 3
vendor_id	: GenuineIntel
cpu family	: 6
model		: 42
model name	: Intel(R) Core(TM) i5-2520M CPU @ 2.50GHz
stepping	: 7
microcode	: 0x23
cpu MHz		: 2501.000
cache size	: 3072 KB
physical id	: 0
siblings	: 4
core id		: 1
cpu cores	: 2
apicid		: 3
initial apicid	: 3
fpu		: yes
fpu_exception	: yes
cpuid level	: 13
wp		: yes
flags		: fpu vme de pse tsc msr pae mce cx8 apic sep mtrr pge mca cmov pat pse36 clflush dts acpi mmx fxsr sse sse2 ss ht tm pbe syscall nx rdtscp lm constant_tsc arch_perfmon pebs bts rep_good nopl xtopology nonstop_tsc aperfmperf eagerfpu pni pclmulqdq dtes64 monitor ds_cpl vmx smx est tm2 ssse3 cx16 xtpr pdcm pcid sse4_1 sse4_2 x2apic popcnt tsc_deadline_timer aes xsave avx lahf_lm ida arat epb xsaveopt pln pts dtherm tpr_shadow vnmi flexpriority ept vpid
bogomips	: 4988.64
clflush size	: 64
cache_alignment	: 64
address sizes	: 36 bits physical, 48 bits virtual
power management:



Memory: 4k page, physical 3924736k(88644k free), swap 0k(0k free)

vm_info: Java HotSpot(TM) 64-Bit Server VM (25.66-b17) for linux-amd64 JRE (1.8.0_66-b17), built on Oct  6 2015 17:28:34 by "java_re" with gcc 4.3.0 20080428 (Red Hat 4.3.0-8)

time: Wed Jun 15 10:54:10 2016
elapsed time: 6 seconds (0d 0h 0m 6s)

