#
# There is insufficient memory for the Java Runtime Environment to continue.
# Native memory allocation (mmap) failed to map 82837504 bytes for committing reserved memory.
# Possible reasons:
#   The system is out of physical RAM or swap space
#   In 32 bit mode, the process size limit was hit
# Possible solutions:
#   Reduce memory load on the system
#   Increase physical memory or swap space
#   Check if swap backing store is full
#   Use 64 bit Java on a 64 bit OS
#   Decrease Java heap size (-Xmx/-Xms)
#   Decrease number of Java threads
#   Decrease Java thread stack sizes (-Xss)
#   Set larger code cache with -XX:ReservedCodeCacheSize=
# This output file may be truncated or incomplete.
#
#  Out of Memory Error (os_linux.cpp:2627), pid=14387, tid=139914000828160
#
# JRE version: Java(TM) SE Runtime Environment (8.0_60-b27) (build 1.8.0_60-b27)
# Java VM: Java HotSpot(TM) 64-Bit Server VM (25.60-b23 mixed mode linux-amd64 compressed oops)
# Failed to write core dump. Core dumps have been disabled. To enable core dumping, try "ulimit -c unlimited" before starting Java again
#

---------------  T H R E A D  ---------------

Current thread (0x00007f405c078000):  VMThread [stack: 0x00007f4044418000,0x00007f4044519000] [id=14396]

Stack: [0x00007f4044418000,0x00007f4044519000],  sp=0x00007f4044516f60,  free space=1019k
Native frames: (J=compiled Java code, j=interpreted, Vv=VM code, C=native code)
V  [libjvm.so+0xab97ea]  VMError::report_and_die()+0x2ba
V  [libjvm.so+0x4f9dab]  report_vm_out_of_memory(char const*, int, unsigned long, VMErrorType, char const*)+0x8b
V  [libjvm.so+0x91a7c3]  os::Linux::commit_memory_impl(char*, unsigned long, bool)+0x103
V  [libjvm.so+0x91ad19]  os::pd_commit_memory(char*, unsigned long, unsigned long, bool)+0x29
V  [libjvm.so+0x91502a]  os::commit_memory(char*, unsigned long, unsigned long, bool)+0x2a
V  [libjvm.so+0x9886d3]  PSVirtualSpace::expand_by(unsigned long)+0x53
V  [libjvm.so+0x989ad8]  PSYoungGen::resize_generation(unsigned long, unsigned long)+0xf8
V  [libjvm.so+0x988c32]  PSYoungGen::resize(unsigned long, unsigned long)+0x22
V  [libjvm.so+0x985f0b]  PSScavenge::invoke_no_policy()+0xf3b
V  [libjvm.so+0x986691]  PSScavenge::invoke()+0x41
V  [libjvm.so+0x93e430]  ParallelScavengeHeap::failed_mem_allocate(unsigned long)+0x70
V  [libjvm.so+0xabb207]  VM_ParallelGCFailedAllocation::doit()+0x97
V  [libjvm.so+0xac2c35]  VM_Operation::evaluate()+0x55
V  [libjvm.so+0xac100a]  VMThread::evaluate_operation(VM_Operation*)+0xba
V  [libjvm.so+0xac138e]  VMThread::loop()+0x1ce
V  [libjvm.so+0xac1800]  VMThread::run()+0x70
V  [libjvm.so+0x91cb88]  java_start(Thread*)+0x108

VM_Operation (0x00007f403f3b8b60): ParallelGCFailedAllocation, mode: safepoint, requested by thread 0x00007f405c147000


---------------  P R O C E S S  ---------------

Java Threads: ( => current thread )
  0x00007f405c149000 JavaThread "pool-1-thread-4" [_thread_blocked, id=14433, stack(0x00007f403f1b9000,0x00007f403f2ba000)]
  0x00007f405c147000 JavaThread "pool-1-thread-3" [_thread_blocked, id=14432, stack(0x00007f403f2ba000,0x00007f403f3bb000)]
  0x00007f405c146000 JavaThread "pool-1-thread-2" [_thread_blocked, id=14431, stack(0x00007f403f3bb000,0x00007f403f4bc000)]
  0x00007f405c144000 JavaThread "pool-2-thread-1" [_thread_blocked, id=14428, stack(0x00007f403f4bc000,0x00007f403f5bd000)]
  0x00007f405c142000 JavaThread "pool-1-thread-1" [_thread_blocked, id=14427, stack(0x00007f403f5bd000,0x00007f403f6be000)]
  0x00007f405c0c2000 JavaThread "Service Thread" daemon [_thread_blocked, id=14412, stack(0x00007f403f7bf000,0x00007f403f8c0000)]
  0x00007f405c0bd000 JavaThread "C1 CompilerThread2" daemon [_thread_blocked, id=14409, stack(0x00007f403f8c0000,0x00007f403f9c1000)]
  0x00007f405c0bb800 JavaThread "C2 CompilerThread1" daemon [_thread_blocked, id=14407, stack(0x00007f403f9c1000,0x00007f403fac2000)]
  0x00007f405c0b8800 JavaThread "C2 CompilerThread0" daemon [_thread_blocked, id=14406, stack(0x00007f4044014000,0x00007f4044115000)]
  0x00007f405c0b7000 JavaThread "Signal Dispatcher" daemon [_thread_blocked, id=14403, stack(0x00007f4044115000,0x00007f4044216000)]
  0x00007f405c07f000 JavaThread "Finalizer" daemon [_thread_blocked, id=14398, stack(0x00007f4044216000,0x00007f4044317000)]
  0x00007f405c07d000 JavaThread "Reference Handler" daemon [_thread_blocked, id=14397, stack(0x00007f4044317000,0x00007f4044418000)]
  0x00007f405c00a000 JavaThread "main" [_thread_blocked, id=14389, stack(0x00007f4062b31000,0x00007f4062c32000)]

Other Threads:
=>0x00007f405c078000 VMThread [stack: 0x00007f4044418000,0x00007f4044519000] [id=14396]
  0x00007f405c0c5000 WatcherThread [stack: 0x00007f403f6be000,0x00007f403f7bf000] [id=14413]

VM state:at safepoint (normal execution)

VM Mutex/Monitor currently owned by a thread:  ([mutex/lock_event])
[0x00007f405c006490] Threads_lock - owner thread: 0x00007f405c078000
[0x00007f405c006990] Heap_lock - owner thread: 0x00007f405c147000

Heap:
 PSYoungGen      total 134656K, used 19435K [0x00000000eab00000, 0x00000000f4600000, 0x0000000100000000)
  eden space 115200K, 0% used [0x00000000eab00000,0x00000000eab00000,0x00000000f1b80000)
  from space 19456K, 99% used [0x00000000f1b80000,0x00000000f2e7aec0,0x00000000f2e80000)
  to   space 14848K, 0% used [0x00000000f2e80000,0x00000000f2e80000,0x00000000f3d00000)
 ParOldGen       total 40960K, used 34709K [0x00000000c0000000, 0x00000000c2800000, 0x00000000eab00000)
  object space 40960K, 84% used [0x00000000c0000000,0x00000000c21e5728,0x00000000c2800000)
 Metaspace       used 6342K, capacity 7192K, committed 7424K, reserved 1056768K
  class space    used 617K, capacity 656K, committed 768K, reserved 1048576K

Card table byte_map: [0x00007f404c619000,0x00007f404c81a000] byte_map_base: 0x00007f404c019000

Marking Bits: (ParMarkBitMap*) 0x00007f4062011de0
 Begin Bits: [0x00007f4046000000, 0x00007f4047000000)
 End Bits:   [0x00007f4047000000, 0x00007f4048000000)

Polling page: 0x00007f4062c59000

CodeCache: size=245760Kb used=7080Kb max_used=7080Kb free=238679Kb
 bounds [0x00007f404cbda000, 0x00007f404d2ca000, 0x00007f405bbda000]
 total_blobs=2145 nmethods=1877 adapters=182
 compilation: enabled

Compilation events (10 events):
Event: 9.188 Thread 0x00007f405c0bd000 nmethod 2287 0x00007f404d2c4f90 code [0x00007f404d2c5360, 0x00007f404d2c66d8]
Event: 9.188 Thread 0x00007f405c0bd000 2276       2       java.util.concurrent.ThreadPoolExecutor::afterExecute (1 bytes)
Event: 9.188 Thread 0x00007f405c0bd000 nmethod 2276 0x00007f404d2c8290 code [0x00007f404d2c83e0, 0x00007f404d2c8530]
Event: 9.204 Thread 0x00007f405c0bd000 2289       2       java.util.concurrent.locks.AbstractQueuedSynchronizer::unparkSuccessor (84 bytes)
Event: 9.204 Thread 0x00007f405c0bd000 nmethod 2289 0x00007f404d2c8590 code [0x00007f404d2c8700, 0x00007f404d2c8968]
Event: 9.204 Thread 0x00007f405c0bd000 2288       2       com.android.dx.cf.direct.AnnotationParser::<init> (69 bytes)
Event: 9.214 Thread 0x00007f405c0bd000 nmethod 2288 0x00007f404d2c8b10 code [0x00007f404d2c8cc0, 0x00007f404d2c91c8]
Event: 9.218 Thread 0x00007f405c0bd000 2290       2       com.android.dx.rop.cst.CstNat::equals (48 bytes)
Event: 9.219 Thread 0x00007f405c0bd000 nmethod 2290 0x00007f404d2c9510 code [0x00007f404d2c96a0, 0x00007f404d2c99d8]
Event: 9.223 Thread 0x00007f405c0bd000 2295   !   2       com.android.dx.dex.cf.CfTranslator::processFields (251 bytes)

GC Heap History (10 events):
Event: 3.660 GC heap after
Heap after GC invocations=4 (full 0):
 PSYoungGen      total 33280K, used 2528K [0x00000000eab00000, 0x00000000ece00000, 0x0000000100000000)
  eden space 30720K, 0% used [0x00000000eab00000,0x00000000eab00000,0x00000000ec900000)
  from space 2560K, 98% used [0x00000000ecb80000,0x00000000ecdf81b0,0x00000000ece00000)
  to   space 2560K, 0% used [0x00000000ec900000,0x00000000ec900000,0x00000000ecb80000)
 ParOldGen       total 40960K, used 7235K [0x00000000c0000000, 0x00000000c2800000, 0x00000000eab00000)
  object space 40960K, 17% used [0x00000000c0000000,0x00000000c0710ca0,0x00000000c2800000)
 Metaspace       used 5838K, capacity 6768K, committed 7040K, reserved 1056768K
  class space    used 595K, capacity 616K, committed 640K, reserved 1048576K
}
Event: 4.537 GC heap before
{Heap before GC invocations=5 (full 0):
 PSYoungGen      total 33280K, used 33248K [0x00000000eab00000, 0x00000000ece00000, 0x0000000100000000)
  eden space 30720K, 100% used [0x00000000eab00000,0x00000000ec900000,0x00000000ec900000)
  from space 2560K, 98% used [0x00000000ecb80000,0x00000000ecdf81b0,0x00000000ece00000)
  to   space 2560K, 0% used [0x00000000ec900000,0x00000000ec900000,0x00000000ecb80000)
 ParOldGen       total 40960K, used 7235K [0x00000000c0000000, 0x00000000c2800000, 0x00000000eab00000)
  object space 40960K, 17% used [0x00000000c0000000,0x00000000c0710ca0,0x00000000c2800000)
 Metaspace       used 5905K, capacity 6832K, committed 7040K, reserved 1056768K
  class space    used 595K, capacity 616K, committed 640K, reserved 1048576K
Event: 4.653 GC heap after
Heap after GC invocations=5 (full 0):
 PSYoungGen      total 33280K, used 2528K [0x00000000eab00000, 0x00000000ef700000, 0x0000000100000000)
  eden space 30720K, 0% used [0x00000000eab00000,0x00000000eab00000,0x00000000ec900000)
  from space 2560K, 98% used [0x00000000ec900000,0x00000000ecb781b0,0x00000000ecb80000)
  to   space 8192K, 0% used [0x00000000eef00000,0x00000000eef00000,0x00000000ef700000)
 ParOldGen       total 40960K, used 10975K [0x00000000c0000000, 0x00000000c2800000, 0x00000000eab00000)
  object space 40960K, 26% used [0x00000000c0000000,0x00000000c0ab7f68,0x00000000c2800000)
 Metaspace       used 5905K, capacity 6832K, committed 7040K, reserved 1056768K
  class space    used 595K, capacity 616K, committed 640K, reserved 1048576K
}
Event: 5.325 GC heap before
{Heap before GC invocations=6 (full 0):
 PSYoungGen      total 33280K, used 33248K [0x00000000eab00000, 0x00000000ef700000, 0x0000000100000000)
  eden space 30720K, 100% used [0x00000000eab00000,0x00000000ec900000,0x00000000ec900000)
  from space 2560K, 98% used [0x00000000ec900000,0x00000000ecb781b0,0x00000000ecb80000)
  to   space 8192K, 0% used [0x00000000eef00000,0x00000000eef00000,0x00000000ef700000)
 ParOldGen       total 40960K, used 10975K [0x00000000c0000000, 0x00000000c2800000, 0x00000000eab00000)
  object space 40960K, 26% used [0x00000000c0000000,0x00000000c0ab7f68,0x00000000c2800000)
 Metaspace       used 5970K, capacity 6896K, committed 7040K, reserved 1056768K
  class space    used 596K, capacity 616K, committed 640K, reserved 1048576K
Event: 5.426 GC heap after
Heap after GC invocations=6 (full 0):
 PSYoungGen      total 68096K, used 8133K [0x00000000eab00000, 0x00000000efa00000, 0x0000000100000000)
  eden space 59904K, 0% used [0x00000000eab00000,0x00000000eab00000,0x00000000ee580000)
  from space 8192K, 99% used [0x00000000eef00000,0x00000000ef6f1440,0x00000000ef700000)
  to   space 9728K, 0% used [0x00000000ee580000,0x00000000ee580000,0x00000000eef00000)
 ParOldGen       total 40960K, used 10983K [0x00000000c0000000, 0x00000000c2800000, 0x00000000eab00000)
  object space 40960K, 26% used [0x00000000c0000000,0x00000000c0ab9f68,0x00000000c2800000)
 Metaspace       used 5970K, capacity 6896K, committed 7040K, reserved 1056768K
  class space    used 596K, capacity 616K, committed 640K, reserved 1048576K
}
Event: 6.416 GC heap before
{Heap before GC invocations=7 (full 0):
 PSYoungGen      total 68096K, used 68037K [0x00000000eab00000, 0x00000000efa00000, 0x0000000100000000)
  eden space 59904K, 100% used [0x00000000eab00000,0x00000000ee580000,0x00000000ee580000)
  from space 8192K, 99% used [0x00000000eef00000,0x00000000ef6f1440,0x00000000ef700000)
  to   space 9728K, 0% used [0x00000000ee580000,0x00000000ee580000,0x00000000eef00000)
 ParOldGen       total 40960K, used 10983K [0x00000000c0000000, 0x00000000c2800000, 0x00000000eab00000)
  object space 40960K, 26% used [0x00000000c0000000,0x00000000c0ab9f68,0x00000000c2800000)
 Metaspace       used 5971K, capacity 6896K, committed 7040K, reserved 1056768K
  class space    used 596K, capacity 616K, committed 640K, reserved 1048576K
Event: 6.614 GC heap after
Heap after GC invocations=7 (full 0):
 PSYoungGen      total 69632K, used 9709K [0x00000000eab00000, 0x00000000f3d00000, 0x0000000100000000)
  eden space 59904K, 0% used [0x00000000eab00000,0x00000000eab00000,0x00000000ee580000)
  from space 9728K, 99% used [0x00000000ee580000,0x00000000eeefb560,0x00000000eef00000)
  to   space 14848K, 0% used [0x00000000f2e80000,0x00000000f2e80000,0x00000000f3d00000)
 ParOldGen       total 40960K, used 17910K [0x00000000c0000000, 0x00000000c2800000, 0x00000000eab00000)
  object space 40960K, 43% used [0x00000000c0000000,0x00000000c117d858,0x00000000c2800000)
 Metaspace       used 5971K, capacity 6896K, committed 7040K, reserved 1056768K
  class space    used 596K, capacity 616K, committed 640K, reserved 1048576K
}
Event: 7.179 GC heap before
{Heap before GC invocations=8 (full 0):
 PSYoungGen      total 69632K, used 69613K [0x00000000eab00000, 0x00000000f3d00000, 0x0000000100000000)
  eden space 59904K, 100% used [0x00000000eab00000,0x00000000ee580000,0x00000000ee580000)
  from space 9728K, 99% used [0x00000000ee580000,0x00000000eeefb560,0x00000000eef00000)
  to   space 14848K, 0% used [0x00000000f2e80000,0x00000000f2e80000,0x00000000f3d00000)
 ParOldGen       total 40960K, used 17910K [0x00000000c0000000, 0x00000000c2800000, 0x00000000eab00000)
  object space 40960K, 43% used [0x00000000c0000000,0x00000000c117d858,0x00000000c2800000)
 Metaspace       used 6031K, capacity 6960K, committed 7040K, reserved 1056768K
  class space    used 596K, capacity 616K, committed 640K, reserved 1048576K
Event: 7.271 GC heap after
Heap after GC invocations=8 (full 0):
 PSYoungGen      total 130048K, used 14832K [0x00000000eab00000, 0x00000000f4600000, 0x0000000100000000)
  eden space 115200K, 0% used [0x00000000eab00000,0x00000000eab00000,0x00000000f1b80000)
  from space 14848K, 99% used [0x00000000f2e80000,0x00000000f3cfc200,0x00000000f3d00000)
  to   space 19456K, 0% used [0x00000000f1b80000,0x00000000f1b80000,0x00000000f2e80000)
 ParOldGen       total 40960K, used 22051K [0x00000000c0000000, 0x00000000c2800000, 0x00000000eab00000)
  object space 40960K, 53% used [0x00000000c0000000,0x00000000c1588ea0,0x00000000c2800000)
 Metaspace       used 6031K, capacity 6960K, committed 7040K, reserved 1056768K
  class space    used 596K, capacity 616K, committed 640K, reserved 1048576K
}
Event: 9.228 GC heap before
{Heap before GC invocations=9 (full 0):
 PSYoungGen      total 130048K, used 130032K [0x00000000eab00000, 0x00000000f4600000, 0x0000000100000000)
  eden space 115200K, 100% used [0x00000000eab00000,0x00000000f1b80000,0x00000000f1b80000)
  from space 14848K, 99% used [0x00000000f2e80000,0x00000000f3cfc200,0x00000000f3d00000)
  to   space 19456K, 0% used [0x00000000f1b80000,0x00000000f1b80000,0x00000000f2e80000)
 ParOldGen       total 40960K, used 22051K [0x00000000c0000000, 0x00000000c2800000, 0x00000000eab00000)
  object space 40960K, 53% used [0x00000000c0000000,0x00000000c1588ea0,0x00000000c2800000)
 Metaspace       used 6342K, capacity 7192K, committed 7424K, reserved 1056768K
  class space    used 617K, capacity 656K, committed 768K, reserved 1048576K

Deoptimization events (10 events):
Event: 5.142 Thread 0x00007f405c146000 Uncommon trap: reason=bimorphic action=maybe_recompile pc=0x00007f404cfffff0 method=java.util.HashMap.getNode(ILjava/lang/Object;)Ljava/util/HashMap$Node; @ 126
Event: 5.189 Thread 0x00007f405c149000 Uncommon trap: reason=unstable_if action=reinterpret pc=0x00007f404cfc6bbc method=com.android.dx.ssa.SsaMethod.updateOneDefinition(Lcom/android/dx/ssa/SsaInsn;Lcom/android/dx/rop/code/RegisterSpec;)V @ 4
Event: 6.372 Thread 0x00007f405c149000 Uncommon trap: reason=bimorphic action=maybe_recompile pc=0x00007f404d083fc4 method=java.util.HashMap.putVal(ILjava/lang/Object;Ljava/lang/Object;ZZ)Ljava/lang/Object; @ 203
Event: 7.608 Thread 0x00007f405c00a000 Uncommon trap: reason=unstable_if action=reinterpret pc=0x00007f404cecb398 method=java.util.HashMap.putVal(ILjava/lang/Object;Ljava/lang/Object;ZZ)Ljava/lang/Object; @ 162
Event: 7.645 Thread 0x00007f405c00a000 Uncommon trap: reason=unstable_if action=reinterpret pc=0x00007f404d0121f4 method=java.util.HashMap.getNode(ILjava/lang/Object;)Ljava/util/HashMap$Node; @ 84
Event: 7.890 Thread 0x00007f405c142000 Uncommon trap: reason=bimorphic action=maybe_recompile pc=0x00007f404d251414 method=com.android.dx.cf.code.BytecodeArray.parseInstruction(ILcom/android/dx/cf/code/BytecodeArray$Visitor;)I @ 1357
Event: 7.890 Thread 0x00007f405c142000 Uncommon trap: reason=bimorphic action=maybe_recompile pc=0x00007f404d251414 method=com.android.dx.cf.code.BytecodeArray.parseInstruction(ILcom/android/dx/cf/code/BytecodeArray$Visitor;)I @ 1357
Event: 7.933 Thread 0x00007f405c142000 Uncommon trap: reason=bimorphic action=maybe_recompile pc=0x00007f404d251414 method=com.android.dx.cf.code.BytecodeArray.parseInstruction(ILcom/android/dx/cf/code/BytecodeArray$Visitor;)I @ 1357
Event: 7.933 Thread 0x00007f405c142000 Uncommon trap: reason=bimorphic action=maybe_recompile pc=0x00007f404d251414 method=com.android.dx.cf.code.BytecodeArray.parseInstruction(ILcom/android/dx/cf/code/BytecodeArray$Visitor;)I @ 1357
Event: 8.205 Thread 0x00007f405c142000 Uncommon trap: reason=unstable_if action=reinterpret pc=0x00007f404d083f50 method=java.util.HashMap.putVal(ILjava/lang/Object;Ljava/lang/Object;ZZ)Ljava/lang/Object; @ 109

Internal exceptions (6 events):
Event: 0.162 Thread 0x00007f405c00a000 Exception <a 'java/lang/NoSuchMethodError': Method sun.misc.Unsafe.defineClass(Ljava/lang/String;[BII)Ljava/lang/Class; name or signature does not match> (0x00000000eab12b98) thrown at [/HUDSON/workspace/8-2-build-linux-amd64/jdk8u60/4407/hotspot/src/shar
Event: 0.162 Thread 0x00007f405c00a000 Exception <a 'java/lang/NoSuchMethodError': Method sun.misc.Unsafe.prefetchRead(Ljava/lang/Object;J)V name or signature does not match> (0x00000000eab12e80) thrown at [/HUDSON/workspace/8-2-build-linux-amd64/jdk8u60/4407/hotspot/src/share/vm/prims/jni.cpp
Event: 4.054 Thread 0x00007f405c146000 Implicit null exception at 0x00007f404ce8e66c to 0x00007f404ce91539
Event: 7.633 Thread 0x00007f405c00a000 Exception <a 'java/lang/ArrayIndexOutOfBoundsException': 18> (0x00000000ed3c0338) thrown at [/HUDSON/workspace/8-2-build-linux-amd64/jdk8u60/4407/hotspot/src/share/vm/interpreter/interpreterRuntime.cpp, line 366]
Event: 7.634 Thread 0x00007f405c00a000 Exception <a 'java/lang/ArrayIndexOutOfBoundsException': 145> (0x00000000ed3c1eb8) thrown at [/HUDSON/workspace/8-2-build-linux-amd64/jdk8u60/4407/hotspot/src/share/vm/interpreter/interpreterRuntime.cpp, line 366]
Event: 7.644 Thread 0x00007f405c00a000 Exception <a 'java/lang/ArrayIndexOutOfBoundsException': 40> (0x00000000ed3c31a0) thrown at [/HUDSON/workspace/8-2-build-linux-amd64/jdk8u60/4407/hotspot/src/share/vm/interpreter/interpreterRuntime.cpp, line 366]

Events (10 events):
Event: 8.205 Thread 0x00007f405c142000 DEOPT UNPACKING pc=0x00007f404cbdf229 sp=0x00007f403f6bba20 mode 2
Event: 8.547 Thread 0x00007f405c142000 DEOPT PACKING pc=0x00007f404ce6106d sp=0x00007f403f6bba70
Event: 8.547 Thread 0x00007f405c142000 DEOPT UNPACKING pc=0x00007f404cc21633 sp=0x00007f403f6bb7f8 mode 0
Event: 8.662 Thread 0x00007f405c146000 DEOPT PACKING pc=0x00007f404ce1cd74 sp=0x00007f403f4b9bc0
Event: 8.662 Thread 0x00007f405c146000 DEOPT UNPACKING pc=0x00007f404cc21633 sp=0x00007f403f4b99a8 mode 0
Event: 8.675 Thread 0x00007f405c142000 DEOPT PACKING pc=0x00007f404cdf3ff9 sp=0x00007f403f6bbd10
Event: 8.675 Thread 0x00007f405c142000 DEOPT UNPACKING pc=0x00007f404cc21633 sp=0x00007f403f6bba60 mode 0
Event: 9.226 Thread 0x00007f405c147000 DEOPT PACKING pc=0x00007f404cf5ab2c sp=0x00007f403f3b8ea0
Event: 9.226 Thread 0x00007f405c147000 DEOPT UNPACKING pc=0x00007f404cc21633 sp=0x00007f403f3b8ba0 mode 0
Event: 9.226 Executing VM operation: ParallelGCFailedAllocation


Dynamic libraries:
00400000-00401000 r-xp 00000000 08:05 2759354                            /home/abel/jdk1.8.0_60/bin/java
00600000-00601000 rw-p 00000000 08:05 2759354                            /home/abel/jdk1.8.0_60/bin/java
02582000-025a3000 rw-p 00000000 00:00 0                                  [heap]
c0000000-c2800000 rw-p 00000000 00:00 0 
c2800000-eab00000 ---p 00000000 00:00 0 
eab00000-f4600000 rw-p 00000000 00:00 0 
f9500000-100000000 ---p 00000000 00:00 0 
100000000-1000c0000 rw-p 00000000 00:00 0 
1000c0000-140000000 ---p 00000000 00:00 0 
7f3ff8000000-7f3ff8024000 rw-p 00000000 00:00 0 
7f3ff8024000-7f3ffc000000 ---p 00000000 00:00 0 
7f4000000000-7f4000021000 rw-p 00000000 00:00 0 
7f4000021000-7f4004000000 ---p 00000000 00:00 0 
7f4004000000-7f400402b000 rw-p 00000000 00:00 0 
7f400402b000-7f4008000000 ---p 00000000 00:00 0 
7f4008000000-7f4008051000 rw-p 00000000 00:00 0 
7f4008051000-7f400c000000 ---p 00000000 00:00 0 
7f400c000000-7f400c021000 rw-p 00000000 00:00 0 
7f400c021000-7f4010000000 ---p 00000000 00:00 0 
7f4010000000-7f4010021000 rw-p 00000000 00:00 0 
7f4010021000-7f4014000000 ---p 00000000 00:00 0 
7f4014000000-7f4014021000 rw-p 00000000 00:00 0 
7f4014021000-7f4018000000 ---p 00000000 00:00 0 
7f4018000000-7f4018b55000 rw-p 00000000 00:00 0 
7f4018b55000-7f401c000000 ---p 00000000 00:00 0 
7f401c000000-7f401c792000 rw-p 00000000 00:00 0 
7f401c792000-7f4020000000 ---p 00000000 00:00 0 
7f4020000000-7f4020021000 rw-p 00000000 00:00 0 
7f4020021000-7f4024000000 ---p 00000000 00:00 0 
7f4024000000-7f4024cae000 rw-p 00000000 00:00 0 
7f4024cae000-7f4028000000 ---p 00000000 00:00 0 
7f4028000000-7f4028021000 rw-p 00000000 00:00 0 
7f4028021000-7f402c000000 ---p 00000000 00:00 0 
7f402c000000-7f402c021000 rw-p 00000000 00:00 0 
7f402c021000-7f4030000000 ---p 00000000 00:00 0 
7f4030000000-7f4030021000 rw-p 00000000 00:00 0 
7f4030021000-7f4034000000 ---p 00000000 00:00 0 
7f4034000000-7f403428e000 rw-p 00000000 00:00 0 
7f403428e000-7f4038000000 ---p 00000000 00:00 0 
7f4038000000-7f4038021000 rw-p 00000000 00:00 0 
7f4038021000-7f403c000000 ---p 00000000 00:00 0 
7f403f1b9000-7f403f1bc000 ---p 00000000 00:00 0 
7f403f1bc000-7f403f2ba000 rw-p 00000000 00:00 0                          [stack:14433]
7f403f2ba000-7f403f2bd000 ---p 00000000 00:00 0 
7f403f2bd000-7f403f3bb000 rw-p 00000000 00:00 0                          [stack:14432]
7f403f3bb000-7f403f3be000 ---p 00000000 00:00 0 
7f403f3be000-7f403f4bc000 rw-p 00000000 00:00 0                          [stack:14431]
7f403f4bc000-7f403f4bf000 ---p 00000000 00:00 0 
7f403f4bf000-7f403f5bd000 rw-p 00000000 00:00 0                          [stack:14428]
7f403f5bd000-7f403f5c0000 ---p 00000000 00:00 0 
7f403f5c0000-7f403f6be000 rw-p 00000000 00:00 0                          [stack:14427]
7f403f6be000-7f403f6bf000 ---p 00000000 00:00 0 
7f403f6bf000-7f403f7bf000 rw-p 00000000 00:00 0                          [stack:14413]
7f403f7bf000-7f403f7c2000 ---p 00000000 00:00 0 
7f403f7c2000-7f403f8c0000 rw-p 00000000 00:00 0                          [stack:14412]
7f403f8c0000-7f403f8c3000 ---p 00000000 00:00 0 
7f403f8c3000-7f403f9c1000 rw-p 00000000 00:00 0                          [stack:14409]
7f403f9c1000-7f403f9c4000 ---p 00000000 00:00 0 
7f403f9c4000-7f403fac2000 rw-p 00000000 00:00 0                          [stack:14407]
7f403fac2000-7f4040000000 r--p 00000000 08:06 140855                     /usr/lib/locale/locale-archive
7f4040000000-7f4040021000 rw-p 00000000 00:00 0 
7f4040021000-7f4044000000 ---p 00000000 00:00 0 
7f4044014000-7f4044017000 ---p 00000000 00:00 0 
7f4044017000-7f4044115000 rw-p 00000000 00:00 0                          [stack:14406]
7f4044115000-7f4044118000 ---p 00000000 00:00 0 
7f4044118000-7f4044216000 rw-p 00000000 00:00 0                          [stack:14403]
7f4044216000-7f4044219000 ---p 00000000 00:00 0 
7f4044219000-7f4044317000 rw-p 00000000 00:00 0                          [stack:14398]
7f4044317000-7f404431a000 ---p 00000000 00:00 0 
7f404431a000-7f4044418000 rw-p 00000000 00:00 0                          [stack:14397]
7f4044418000-7f4044419000 ---p 00000000 00:00 0 
7f4044419000-7f4045428000 rw-p 00000000 00:00 0                          [stack:14396]
7f4045428000-7f4045600000 r--s 03d17000 08:05 2759261                    /home/abel/jdk1.8.0_60/jre/lib/rt.jar
7f4045600000-7f4045c80000 rw-p 00000000 00:00 0 
7f4045c80000-7f4045e00000 ---p 00000000 00:00 0 
7f4045e00000-7f4048000000 rw-p 00000000 00:00 0 
7f4048000000-7f4048021000 rw-p 00000000 00:00 0 
7f4048021000-7f404c000000 ---p 00000000 00:00 0 
7f404c032000-7f404c058000 r--p 00000000 08:06 696411                     /usr/share/locale-langpack/es/LC_MESSAGES/libc.mo
7f404c058000-7f404c06e000 r--s 000f1000 08:05 2499547                    /home/abel/AndroidStudioProjects/Magnometer/app/build/intermediates/exploded-aar/com.android.support/support-v4/23.3.0/jars/classes.jar
7f404c06e000-7f404c07d000 r--s 000df000 08:05 3677297                    /home/abel/Android/Sdk/build-tools/23.0.3/lib/dx.jar
7f404c07d000-7f404c0bf000 rw-p 00000000 00:00 0 
7f404c0bf000-7f404c0c0000 ---p 00000000 00:00 0 
7f404c0c0000-7f404c1c0000 rw-p 00000000 00:00 0                          [stack:14395]
7f404c1c0000-7f404c1c1000 ---p 00000000 00:00 0 
7f404c1c1000-7f404c2c1000 rw-p 00000000 00:00 0                          [stack:14394]
7f404c2c1000-7f404c2c2000 ---p 00000000 00:00 0 
7f404c2c2000-7f404c3c2000 rw-p 00000000 00:00 0                          [stack:14393]
7f404c3c2000-7f404c3c3000 ---p 00000000 00:00 0 
7f404c3c3000-7f404c4d7000 rw-p 00000000 00:00 0                          [stack:14392]
7f404c4d7000-7f404c619000 ---p 00000000 00:00 0 
7f404c619000-7f404c62d000 rw-p 00000000 00:00 0 
7f404c62d000-7f404c76e000 ---p 00000000 00:00 0 
7f404c76e000-7f404c7bc000 rw-p 00000000 00:00 0 
7f404c7bc000-7f404c819000 ---p 00000000 00:00 0 
7f404c819000-7f404c836000 rw-p 00000000 00:00 0 
7f404c836000-7f404cbda000 ---p 00000000 00:00 0 
7f404cbda000-7f404d2ca000 rwxp 00000000 00:00 0 
7f404d2ca000-7f405bbda000 ---p 00000000 00:00 0 
7f405bbda000-7f405bbf4000 r-xp 00000000 08:05 2759211                    /home/abel/jdk1.8.0_60/jre/lib/amd64/libzip.so
7f405bbf4000-7f405bdf4000 ---p 0001a000 08:05 2759211                    /home/abel/jdk1.8.0_60/jre/lib/amd64/libzip.so
7f405bdf4000-7f405bdf5000 rw-p 0001a000 08:05 2759211                    /home/abel/jdk1.8.0_60/jre/lib/amd64/libzip.so
7f405bdf5000-7f405bdff000 r-xp 00000000 08:06 444433                     /lib/x86_64-linux-gnu/libnss_files-2.19.so
7f405bdff000-7f405bffe000 ---p 0000a000 08:06 444433                     /lib/x86_64-linux-gnu/libnss_files-2.19.so
7f405bffe000-7f405bfff000 r--p 00009000 08:06 444433                     /lib/x86_64-linux-gnu/libnss_files-2.19.so
7f405bfff000-7f405c000000 rw-p 0000a000 08:06 444433                     /lib/x86_64-linux-gnu/libnss_files-2.19.so
7f405c000000-7f405c397000 rw-p 00000000 00:00 0 
7f405c397000-7f4060000000 ---p 00000000 00:00 0 
7f4060000000-7f4060007000 r--s 00000000 08:06 529742                     /usr/lib/x86_64-linux-gnu/gconv/gconv-modules.cache
7f4060007000-7f4060011000 r--s 000e7000 08:05 2752989                    /home/abel/jdk1.8.0_60/jre/lib/ext/mysql-connector-java-5.1.38-bin.jar
7f4060011000-7f40600ea000 rw-p 00000000 00:00 0 
7f40600ea000-7f40600f5000 r-xp 00000000 08:06 444425                     /lib/x86_64-linux-gnu/libnss_nis-2.19.so
7f40600f5000-7f40602f4000 ---p 0000b000 08:06 444425                     /lib/x86_64-linux-gnu/libnss_nis-2.19.so
7f40602f4000-7f40602f5000 r--p 0000a000 08:06 444425                     /lib/x86_64-linux-gnu/libnss_nis-2.19.so
7f40602f5000-7f40602f6000 rw-p 0000b000 08:06 444425                     /lib/x86_64-linux-gnu/libnss_nis-2.19.so
7f40602f6000-7f406030d000 r-xp 00000000 08:06 444421                     /lib/x86_64-linux-gnu/libnsl-2.19.so
7f406030d000-7f406050c000 ---p 00017000 08:06 444421                     /lib/x86_64-linux-gnu/libnsl-2.19.so
7f406050c000-7f406050d000 r--p 00016000 08:06 444421                     /lib/x86_64-linux-gnu/libnsl-2.19.so
7f406050d000-7f406050e000 rw-p 00017000 08:06 444421                     /lib/x86_64-linux-gnu/libnsl-2.19.so
7f406050e000-7f4060510000 rw-p 00000000 00:00 0 
7f4060510000-7f4060519000 r-xp 00000000 08:06 444420                     /lib/x86_64-linux-gnu/libnss_compat-2.19.so
7f4060519000-7f4060718000 ---p 00009000 08:06 444420                     /lib/x86_64-linux-gnu/libnss_compat-2.19.so
7f4060718000-7f4060719000 r--p 00008000 08:06 444420                     /lib/x86_64-linux-gnu/libnss_compat-2.19.so
7f4060719000-7f406071a000 rw-p 00009000 08:06 444420                     /lib/x86_64-linux-gnu/libnss_compat-2.19.so
7f406071a000-7f4060744000 r-xp 00000000 08:05 2759189                    /home/abel/jdk1.8.0_60/jre/lib/amd64/libjava.so
7f4060744000-7f4060944000 ---p 0002a000 08:05 2759189                    /home/abel/jdk1.8.0_60/jre/lib/amd64/libjava.so
7f4060944000-7f4060946000 rw-p 0002a000 08:05 2759189                    /home/abel/jdk1.8.0_60/jre/lib/amd64/libjava.so
7f4060946000-7f4060953000 r-xp 00000000 08:05 2759205                    /home/abel/jdk1.8.0_60/jre/lib/amd64/libverify.so
7f4060953000-7f4060b53000 ---p 0000d000 08:05 2759205                    /home/abel/jdk1.8.0_60/jre/lib/amd64/libverify.so
7f4060b53000-7f4060b55000 rw-p 0000d000 08:05 2759205                    /home/abel/jdk1.8.0_60/jre/lib/amd64/libverify.so
7f4060b55000-7f4060b5c000 r-xp 00000000 08:06 444429                     /lib/x86_64-linux-gnu/librt-2.19.so
7f4060b5c000-7f4060d5b000 ---p 00007000 08:06 444429                     /lib/x86_64-linux-gnu/librt-2.19.so
7f4060d5b000-7f4060d5c000 r--p 00006000 08:06 444429                     /lib/x86_64-linux-gnu/librt-2.19.so
7f4060d5c000-7f4060d5d000 rw-p 00007000 08:06 444429                     /lib/x86_64-linux-gnu/librt-2.19.so
7f4060d5d000-7f4060e62000 r-xp 00000000 08:06 444415                     /lib/x86_64-linux-gnu/libm-2.19.so
7f4060e62000-7f4061061000 ---p 00105000 08:06 444415                     /lib/x86_64-linux-gnu/libm-2.19.so
7f4061061000-7f4061062000 r--p 00104000 08:06 444415                     /lib/x86_64-linux-gnu/libm-2.19.so
7f4061062000-7f4061063000 rw-p 00105000 08:06 444415                     /lib/x86_64-linux-gnu/libm-2.19.so
7f4061063000-7f4061d21000 r-xp 00000000 08:05 2759227                    /home/abel/jdk1.8.0_60/jre/lib/amd64/server/libjvm.so
7f4061d21000-7f4061f20000 ---p 00cbe000 08:05 2759227                    /home/abel/jdk1.8.0_60/jre/lib/amd64/server/libjvm.so
7f4061f20000-7f4061ff8000 rw-p 00cbd000 08:05 2759227                    /home/abel/jdk1.8.0_60/jre/lib/amd64/server/libjvm.so
7f4061ff8000-7f406203d000 rw-p 00000000 00:00 0 
7f406203d000-7f40621f7000 r-xp 00000000 08:06 444430                     /lib/x86_64-linux-gnu/libc-2.19.so
7f40621f7000-7f40623f7000 ---p 001ba000 08:06 444430                     /lib/x86_64-linux-gnu/libc-2.19.so
7f40623f7000-7f40623fb000 r--p 001ba000 08:06 444430                     /lib/x86_64-linux-gnu/libc-2.19.so
7f40623fb000-7f40623fd000 rw-p 001be000 08:06 444430                     /lib/x86_64-linux-gnu/libc-2.19.so
7f40623fd000-7f4062402000 rw-p 00000000 00:00 0 
7f4062402000-7f4062405000 r-xp 00000000 08:06 444417                     /lib/x86_64-linux-gnu/libdl-2.19.so
7f4062405000-7f4062604000 ---p 00003000 08:06 444417                     /lib/x86_64-linux-gnu/libdl-2.19.so
7f4062604000-7f4062605000 r--p 00002000 08:06 444417                     /lib/x86_64-linux-gnu/libdl-2.19.so
7f4062605000-7f4062606000 rw-p 00003000 08:06 444417                     /lib/x86_64-linux-gnu/libdl-2.19.so
7f4062606000-7f406261b000 r-xp 00000000 08:05 2624443                    /home/abel/jdk1.8.0_60/lib/amd64/jli/libjli.so
7f406261b000-7f406281b000 ---p 00015000 08:05 2624443                    /home/abel/jdk1.8.0_60/lib/amd64/jli/libjli.so
7f406281b000-7f406281c000 rw-p 00015000 08:05 2624443                    /home/abel/jdk1.8.0_60/lib/amd64/jli/libjli.so
7f406281c000-7f4062835000 r-xp 00000000 08:06 444422                     /lib/x86_64-linux-gnu/libpthread-2.19.so
7f4062835000-7f4062a34000 ---p 00019000 08:06 444422                     /lib/x86_64-linux-gnu/libpthread-2.19.so
7f4062a34000-7f4062a35000 r--p 00018000 08:06 444422                     /lib/x86_64-linux-gnu/libpthread-2.19.so
7f4062a35000-7f4062a36000 rw-p 00019000 08:06 444422                     /lib/x86_64-linux-gnu/libpthread-2.19.so
7f4062a36000-7f4062a3a000 rw-p 00000000 00:00 0 
7f4062a3a000-7f4062a5d000 r-xp 00000000 08:06 444423                     /lib/x86_64-linux-gnu/ld-2.19.so
7f4062a5f000-7f4062b31000 rw-p 00000000 00:00 0 
7f4062b31000-7f4062b34000 ---p 00000000 00:00 0 
7f4062b34000-7f4062c36000 rw-p 00000000 00:00 0                          [stack:14389]
7f4062c3b000-7f4062c50000 rw-p 00000000 00:00 0 
7f4062c50000-7f4062c58000 rw-s 00000000 08:06 1060844                    /tmp/hsperfdata_abel/14387
7f4062c58000-7f4062c59000 rw-p 00000000 00:00 0 
7f4062c59000-7f4062c5a000 ---p 00000000 00:00 0 
7f4062c5a000-7f4062c5c000 rw-p 00000000 00:00 0 
7f4062c5c000-7f4062c5d000 r--p 00022000 08:06 444423                     /lib/x86_64-linux-gnu/ld-2.19.so
7f4062c5d000-7f4062c5e000 rw-p 00023000 08:06 444423                     /lib/x86_64-linux-gnu/ld-2.19.so
7f4062c5e000-7f4062c5f000 rw-p 00000000 00:00 0 
7ffcaf771000-7ffcaf792000 rw-p 00000000 00:00 0                          [stack]
7ffcaf7a8000-7ffcaf7aa000 r--p 00000000 00:00 0                          [vvar]
7ffcaf7aa000-7ffcaf7ac000 r-xp 00000000 00:00 0                          [vdso]
ffffffffff600000-ffffffffff601000 r-xp 00000000 00:00 0                  [vsyscall]

VM Arguments:
jvm_args: -Djava.awt.headless=true -Xmx1024M -Dfile.encoding=UTF-8 -Duser.country=MX -Duser.language=es -Duser.variant 
java_command: com.android.dx.command.Main --dex --force-jumbo --num-threads=4 --output /home/abel/AndroidStudioProjects/Magnometer/app/build/intermediates/pre-dexed/debug/com.android.support-support-v4-23.3.0_fa18748f48eecf469ea98ca4385c7bf6738cb8fa.jar /home/abel/AndroidStudioProjects/Magnometer/app/build/intermediates/exploded-aar/com.android.support/support-v4/23.3.0/jars/classes.jar
java_class_path (initial): /home/abel/Android/Sdk/build-tools/23.0.3/lib/dx.jar
Launcher Type: SUN_STANDARD

Environment Variables:
PATH=/opt/texbin:/usr/local/sbin:/usr/local/bin:/usr/sbin:/usr/bin:/sbin:/bin:/usr/games:/usr/local/games:/home/abel/jdk1.8.0_60/jre/bin:/home/abel/jdk1.8.0_60/bin:~/apache-maven-3.3.9/bin
USERNAME=abel
LD_LIBRARY_PATH=.:
SHELL=/bin/bash
DISPLAY=:0.0

Signal Handlers:
SIGSEGV: [libjvm.so+0xaba070], sa_mask[0]=11111111011111111101111111111110, sa_flags=SA_RESTART|SA_SIGINFO
SIGBUS: [libjvm.so+0xaba070], sa_mask[0]=11111111011111111101111111111110, sa_flags=SA_RESTART|SA_SIGINFO
SIGFPE: [libjvm.so+0x917630], sa_mask[0]=11111111011111111101111111111110, sa_flags=SA_RESTART|SA_SIGINFO
SIGPIPE: [libjvm.so+0x917630], sa_mask[0]=11111111011111111101111111111110, sa_flags=SA_RESTART|SA_SIGINFO
SIGXFSZ: [libjvm.so+0x917630], sa_mask[0]=11111111011111111101111111111110, sa_flags=SA_RESTART|SA_SIGINFO
SIGILL: [libjvm.so+0x917630], sa_mask[0]=11111111011111111101111111111110, sa_flags=SA_RESTART|SA_SIGINFO
SIGUSR1: SIG_DFL, sa_mask[0]=00000000000000000000000000000000, sa_flags=none
SIGUSR2: [libjvm.so+0x918c60], sa_mask[0]=00100000000000000000000000000000, sa_flags=SA_RESTART|SA_SIGINFO
SIGHUP: [libjvm.so+0x91a060], sa_mask[0]=11111111011111111101111111111110, sa_flags=SA_RESTART|SA_SIGINFO
SIGINT: [libjvm.so+0x91a060], sa_mask[0]=11111111011111111101111111111110, sa_flags=SA_RESTART|SA_SIGINFO
SIGTERM: [libjvm.so+0x91a060], sa_mask[0]=11111111011111111101111111111110, sa_flags=SA_RESTART|SA_SIGINFO
SIGQUIT: [libjvm.so+0x91a060], sa_mask[0]=11111111011111111101111111111110, sa_flags=SA_RESTART|SA_SIGINFO


---------------  S Y S T E M  ---------------

OS:DISTRIB_ID=LinuxMint
DISTRIB_RELEASE=17.3
DISTRIB_CODENAME=rosa
DISTRIB_DESCRIPTION="Linux Mint 17.3 Rosa"

uname:Linux 3.19.0-32-generic #37~14.04.1-Ubuntu SMP Thu Oct 22 09:41:40 UTC 2015 x86_64
libc:glibc 2.19 NPTL 2.19 
rlimit: STACK 8192k, CORE 0k, NPROC 15202, NOFILE 4096, AS infinity
load average:6.74 1.92 0.97

/proc/meminfo:
MemTotal:        3923836 kB
MemFree:          118216 kB
MemAvailable:      69404 kB
Buffers:            1124 kB
Cached:           314136 kB
SwapCached:            0 kB
Active:          3353792 kB
Inactive:         301288 kB
Active(anon):    3351264 kB
Inactive(anon):   267916 kB
Active(file):       2528 kB
Inactive(file):    33372 kB
Unevictable:         148 kB
Mlocked:             148 kB
SwapTotal:             0 kB
SwapFree:              0 kB
Dirty:               552 kB
Writeback:             0 kB
AnonPages:       3340404 kB
Mapped:           144612 kB
Shmem:            278920 kB
Slab:              68288 kB
SReclaimable:      35412 kB
SUnreclaim:        32876 kB
KernelStack:       11072 kB
PageTables:        38516 kB
NFS_Unstable:          0 kB
Bounce:                0 kB
WritebackTmp:          0 kB
CommitLimit:     1961916 kB
Committed_AS:    7314844 kB
VmallocTotal:   34359738367 kB
VmallocUsed:      347268 kB
VmallocChunk:   34359383516 kB
HardwareCorrupted:     0 kB
AnonHugePages:   1613824 kB
CmaTotal:              0 kB
CmaFree:               0 kB
HugePages_Total:       0
HugePages_Free:        0
HugePages_Rsvd:        0
HugePages_Surp:        0
Hugepagesize:       2048 kB
DirectMap4k:      163280 kB
DirectMap2M:     3909632 kB


CPU:total 4 (2 cores per cpu, 2 threads per core) family 6 model 42 stepping 7, cmov, cx8, fxsr, mmx, sse, sse2, sse3, ssse3, sse4.1, sse4.2, popcnt, avx, aes, clmul, ht, tsc, tscinvbit

/proc/cpuinfo:
processor	: 0
vendor_id	: GenuineIntel
cpu family	: 6
model		: 42
model name	: Intel(R) Core(TM) i5-2520M CPU @ 2.50GHz
stepping	: 7
microcode	: 0x23
cpu MHz		: 815.722
cache size	: 3072 KB
physical id	: 0
siblings	: 4
core id		: 0
cpu cores	: 2
apicid		: 0
initial apicid	: 0
fpu		: yes
fpu_exception	: yes
cpuid level	: 13
wp		: yes
flags		: fpu vme de pse tsc msr pae mce cx8 apic sep mtrr pge mca cmov pat pse36 clflush dts acpi mmx fxsr sse sse2 ss ht tm pbe syscall nx rdtscp lm constant_tsc arch_perfmon pebs bts rep_good nopl xtopology nonstop_tsc aperfmperf eagerfpu pni pclmulqdq dtes64 monitor ds_cpl vmx smx est tm2 ssse3 cx16 xtpr pdcm pcid sse4_1 sse4_2 x2apic popcnt tsc_deadline_timer aes xsave avx lahf_lm ida arat epb pln pts dtherm tpr_shadow vnmi flexpriority ept vpid xsaveopt
bugs		:
bogomips	: 4988.95
clflush size	: 64
cache_alignment	: 64
address sizes	: 36 bits physical, 48 bits virtual
power management:

processor	: 1
vendor_id	: GenuineIntel
cpu family	: 6
model		: 42
model name	: Intel(R) Core(TM) i5-2520M CPU @ 2.50GHz
stepping	: 7
microcode	: 0x23
cpu MHz		: 804.199
cache size	: 3072 KB
physical id	: 0
siblings	: 4
core id		: 1
cpu cores	: 2
apicid		: 2
initial apicid	: 2
fpu		: yes
fpu_exception	: yes
cpuid level	: 13
wp		: yes
flags		: fpu vme de pse tsc msr pae mce cx8 apic sep mtrr pge mca cmov pat pse36 clflush dts acpi mmx fxsr sse sse2 ss ht tm pbe syscall nx rdtscp lm constant_tsc arch_perfmon pebs bts rep_good nopl xtopology nonstop_tsc aperfmperf eagerfpu pni pclmulqdq dtes64 monitor ds_cpl vmx smx est tm2 ssse3 cx16 xtpr pdcm pcid sse4_1 sse4_2 x2apic popcnt tsc_deadline_timer aes xsave avx lahf_lm ida arat epb pln pts dtherm tpr_shadow vnmi flexpriority ept vpid xsaveopt
bugs		:
bogomips	: 4988.95
clflush size	: 64
cache_alignment	: 64
address sizes	: 36 bits physical, 48 bits virtual
power management:

processor	: 2
vendor_id	: GenuineIntel
cpu family	: 6
model		: 42
model name	: Intel(R) Core(TM) i5-2520M CPU @ 2.50GHz
stepping	: 7
microcode	: 0x23
cpu MHz		: 821.289
cache size	: 3072 KB
physical id	: 0
siblings	: 4
core id		: 0
cpu cores	: 2
apicid		: 1
initial apicid	: 1
fpu		: yes
fpu_exception	: yes
cpuid level	: 13
wp		: yes
flags		: fpu vme de pse tsc msr pae mce cx8 apic sep mtrr pge mca cmov pat pse36 clflush dts acpi mmx fxsr sse sse2 ss ht tm pbe syscall nx rdtscp lm constant_tsc arch_perfmon pebs bts rep_good nopl xtopology nonstop_tsc aperfmperf eagerfpu pni pclmulqdq dtes64 monitor ds_cpl vmx smx est tm2 ssse3 cx16 xtpr pdcm pcid sse4_1 sse4_2 x2apic popcnt tsc_deadline_timer aes xsave avx lahf_lm ida arat epb pln pts dtherm tpr_shadow vnmi flexpriority ept vpid xsaveopt
bugs		:
bogomips	: 4988.95
clflush size	: 64
cache_alignment	: 64
address sizes	: 36 bits physical, 48 bits virtual
power management:

processor	: 3
vendor_id	: GenuineIntel
cpu family	: 6
model		: 42
model name	: Intel(R) Core(TM) i5-2520M CPU @ 2.50GHz
stepping	: 7
microcode	: 0x23
cpu MHz		: 875.878
cache size	: 3072 KB
physical id	: 0
siblings	: 4
core id		: 1
cpu cores	: 2
apicid		: 3
initial apicid	: 3
fpu		: yes
fpu_exception	: yes
cpuid level	: 13
wp		: yes
flags		: fpu vme de pse tsc msr pae mce cx8 apic sep mtrr pge mca cmov pat pse36 clflush dts acpi mmx fxsr sse sse2 ss ht tm pbe syscall nx rdtscp lm constant_tsc arch_perfmon pebs bts rep_good nopl xtopology nonstop_tsc aperfmperf eagerfpu pni pclmulqdq dtes64 monitor ds_cpl vmx smx est tm2 ssse3 cx16 xtpr pdcm pcid sse4_1 sse4_2 x2apic popcnt tsc_deadline_timer aes xsave avx lahf_lm ida arat epb pln pts dtherm tpr_shadow vnmi flexpriority ept vpid xsaveopt
bugs		:
bogomips	: 4988.95
clflush size	: 64
cache_alignment	: 64
address sizes	: 36 bits physical, 48 bits virtual
power management:



Memory: 4k page, physical 3923836k(118216k free), swap 0k(0k free)

vm_info: Java HotSpot(TM) 64-Bit Server VM (25.60-b23) for linux-amd64 JRE (1.8.0_60-b27), built on Aug  4 2015 12:19:40 by "java_re" with gcc 4.3.0 20080428 (Red Hat 4.3.0-8)

time: Thu Jun  9 13:02:05 2016
elapsed time: 19 seconds (0d 0h 0m 19s)

